101.11.08 09:44 B C:\Program Files\RSI\IDL52\lib\programs\ice\passive_f_map_loc.pro --> harp.antcrc.utas.edu.au /model/crc/mdsumner/ice passive_f_map_loc.pro
101.11.08 09:44 B C:\Program Files\RSI\IDL52\lib\programs\ice\passive_check_file.pro --> harp.antcrc.utas.edu.au /model/crc/mdsumner/ice passive_check_file.pro
101.11.08 09:44 B C:\Program Files\RSI\IDL52\lib\programs\ice\AddFrame.pro --> harp.antcrc.utas.edu.au /model/crc/mdsumner/ice AddFrame.pro
101.11.08 09:44 B C:\Program Files\RSI\IDL52\lib\programs\ice\passive_filename.pro --> harp.antcrc.utas.edu.au /model/crc/mdsumner/ice passive_filename.pro
101.11.08 09:44 B C:\Program Files\RSI\IDL52\lib\programs\ice\passive_get_bands.pro --> harp.antcrc.utas.edu.au /model/crc/mdsumner/ice passive_get_bands.pro
101.11.08 09:44 B C:\Program Files\RSI\IDL52\lib\programs\ice\passive_get_bt.pro --> harp.antcrc.utas.edu.au /model/crc/mdsumner/ice passive_get_bt.pro
101.11.08 09:44 B C:\Program Files\RSI\IDL52\lib\programs\ice\passive_get_concentration.pro --> harp.antcrc.utas.edu.au /model/crc/mdsumner/ice passive_get_concentration.pro
101.11.08 09:44 B C:\Program Files\RSI\IDL52\lib\programs\ice\passive_get_data.pro --> harp.antcrc.utas.edu.au /model/crc/mdsumner/ice passive_get_data.pro
101.11.08 09:44 B C:\Program Files\RSI\IDL52\lib\programs\ice\passive_grid_info.pro --> harp.antcrc.utas.edu.au /model/crc/mdsumner/ice passive_grid_info.pro
101.11.08 09:44 B C:\Program Files\RSI\IDL52\lib\programs\ice\passive_loadct.pro --> harp.antcrc.utas.edu.au /model/crc/mdsumner/ice passive_loadct.pro
101.11.08 09:44 B C:\Program Files\RSI\IDL52\lib\programs\ice\passive_map_loc.pro --> harp.antcrc.utas.edu.au /model/crc/mdsumner/ice passive_map_loc.pro
101.11.08 09:44 B C:\Program Files\RSI\IDL52\lib\programs\ice\passive_colours_ic_grumbine.dat --> harp.antcrc.utas.edu.au /model/crc/mdsumner/ice passive_colours_ic_grumbine.dat
101.11.08 09:44 B C:\Program Files\RSI\IDL52\lib\programs\ice\passive_colours_bt.dat --> harp.antcrc.utas.edu.au /model/crc/mdsumner/ice passive_colours_bt.dat
101.11.08 09:44 B C:\Program Files\RSI\IDL52\lib\programs\ice\passive_colours_ic_nasa.dat --> harp.antcrc.utas.edu.au /model/crc/mdsumner/ice passive_colours_ic_nasa.dat
101.11.08 09:44 B C:\Program Files\RSI\IDL52\lib\programs\ice\ssminav --> harp.antcrc.utas.edu.au /model/crc/mdsumner/ice ssminav
101.11.08 09:44 B C:\Program Files\RSI\IDL52\lib\programs\ice\mapssmi.pro --> harp.antcrc.utas.edu.au /model/crc/mdsumner/ice mapssmi.pro
101.11.08 09:44 B C:\Program Files\RSI\IDL52\lib\programs\ice\ssmimon.pro --> harp.antcrc.utas.edu.au /model/crc/mdsumner/ice ssmimon.pro
101.11.08 09:44 B C:\Program Files\RSI\IDL52\lib\programs\ice\ssmiout.pro --> harp.antcrc.utas.edu.au /model/crc/mdsumner/ice ssmiout.pro
101.11.08 09:44 B C:\Program Files\RSI\IDL52\lib\programs\ice\ssmiout2.BAK --> harp.antcrc.utas.edu.au /model/crc/mdsumner/ice ssmiout2.BAK
101.11.08 09:44 B C:\Program Files\RSI\IDL52\lib\programs\ice\ssmiout2.pro --> harp.antcrc.utas.edu.au /model/crc/mdsumner/ice ssmiout2.pro
