101.11.08 09:44 B C:\Program Files\RSI\IDL52\lib\programs\MDStherest\argos_data.pro --> harp.antcrc.utas.edu.au /model/crc/mdsumner/MDStherest argos_data.pro
101.11.08 09:44 B C:\Program Files\RSI\IDL52\lib\programs\MDStherest\bath_prj.pro --> harp.antcrc.utas.edu.au /model/crc/mdsumner/MDStherest bath_prj.pro
101.11.08 09:44 B C:\Program Files\RSI\IDL52\lib\programs\MDStherest\cell_argos.pro --> harp.antcrc.utas.edu.au /model/crc/mdsumner/MDStherest cell_argos.pro
101.11.08 09:44 B C:\Program Files\RSI\IDL52\lib\programs\MDStherest\cell_dive.pro --> harp.antcrc.utas.edu.au /model/crc/mdsumner/MDStherest cell_dive.pro
101.11.08 09:44 B C:\Program Files\RSI\IDL52\lib\programs\MDStherest\cell_track.pro --> harp.antcrc.utas.edu.au /model/crc/mdsumner/MDStherest cell_track.pro
101.11.08 09:44 B C:\Program Files\RSI\IDL52\lib\programs\MDStherest\cell_track2.pro --> harp.antcrc.utas.edu.au /model/crc/mdsumner/MDStherest cell_track2.pro
101.11.08 09:44 B C:\Program Files\RSI\IDL52\lib\programs\MDStherest\comput.pro --> harp.antcrc.utas.edu.au /model/crc/mdsumner/MDStherest comput.pro
101.11.08 09:44 B C:\Program Files\RSI\IDL52\lib\programs\MDStherest\earth_area.pro --> harp.antcrc.utas.edu.au /model/crc/mdsumner/MDStherest earth_area.pro
101.11.08 09:44 B C:\Program Files\RSI\IDL52\lib\programs\MDStherest\file_check.pro --> harp.antcrc.utas.edu.au /model/crc/mdsumner/MDStherest file_check.pro
101.11.08 09:44 B C:\Program Files\RSI\IDL52\lib\programs\MDStherest\filt_file2.pro --> harp.antcrc.utas.edu.au /model/crc/mdsumner/MDStherest filt_file2.pro
101.11.08 09:44 B C:\Program Files\RSI\IDL52\lib\programs\MDStherest\filt2cells.pro --> harp.antcrc.utas.edu.au /model/crc/mdsumner/MDStherest filt2cells.pro
101.11.08 09:44 B C:\Program Files\RSI\IDL52\lib\programs\MDStherest\filtcellfile.pro --> harp.antcrc.utas.edu.au /model/crc/mdsumner/MDStherest filtcellfile.pro
101.11.08 09:44 B C:\Program Files\RSI\IDL52\lib\programs\MDStherest\filtcellfile2.pro --> harp.antcrc.utas.edu.au /model/crc/mdsumner/MDStherest filtcellfile2.pro
101.11.08 09:44 B C:\Program Files\RSI\IDL52\lib\programs\MDStherest\gl_heard.pro --> harp.antcrc.utas.edu.au /model/crc/mdsumner/MDStherest gl_heard.pro
101.11.08 09:44 B C:\Program Files\RSI\IDL52\lib\programs\MDStherest\globe_2map.pro --> harp.antcrc.utas.edu.au /model/crc/mdsumner/MDStherest globe_2map.pro
101.11.08 09:44 B C:\Program Files\RSI\IDL52\lib\programs\MDStherest\globe_map.pro --> harp.antcrc.utas.edu.au /model/crc/mdsumner/MDStherest globe_map.pro
101.11.08 09:44 B C:\Program Files\RSI\IDL52\lib\programs\MDStherest\globe2.pro --> harp.antcrc.utas.edu.au /model/crc/mdsumner/MDStherest globe2.pro
101.11.08 09:44 B C:\Program Files\RSI\IDL52\lib\programs\MDStherest\homedist.pro --> harp.antcrc.utas.edu.au /model/crc/mdsumner/MDStherest homedist.pro
101.11.08 09:44 B C:\Program Files\RSI\IDL52\lib\programs\MDStherest\image.pro --> harp.antcrc.utas.edu.au /model/crc/mdsumner/MDStherest image.pro
101.11.08 09:44 B C:\Program Files\RSI\IDL52\lib\programs\MDStherest\file_fronts.pro --> harp.antcrc.utas.edu.au /model/crc/mdsumner/MDStherest file_fronts.pro
101.11.08 09:44 B C:\Program Files\RSI\IDL52\lib\programs\MDStherest\fill_missing.pro --> harp.antcrc.utas.edu.au /model/crc/mdsumner/MDStherest fill_missing.pro
101.11.08 09:44 B C:\Program Files\RSI\IDL52\lib\programs\MDStherest\Jcurve.pro --> harp.antcrc.utas.edu.au /model/crc/mdsumner/MDStherest Jcurve.pro
101.11.08 09:44 B C:\Program Files\RSI\IDL52\lib\programs\MDStherest\ke_bathmap.pro --> harp.antcrc.utas.edu.au /model/crc/mdsumner/MDStherest ke_bathmap.pro
101.11.08 09:44 B C:\Program Files\RSI\IDL52\lib\programs\MDStherest\lll2stru.pro --> harp.antcrc.utas.edu.au /model/crc/mdsumner/MDStherest lll2stru.pro
101.11.08 09:44 B C:\Program Files\RSI\IDL52\lib\programs\MDStherest\lonsgen.pro --> harp.antcrc.utas.edu.au /model/crc/mdsumner/MDStherest lonsgen.pro
101.11.08 09:44 B C:\Program Files\RSI\IDL52\lib\programs\MDStherest\map_array_prj.pro --> harp.antcrc.utas.edu.au /model/crc/mdsumner/MDStherest map_array_prj.pro
101.11.08 09:44 B C:\Program Files\RSI\IDL52\lib\programs\MDStherest\map_array_ster.pro --> harp.antcrc.utas.edu.au /model/crc/mdsumner/MDStherest map_array_ster.pro
101.11.08 09:44 B C:\Program Files\RSI\IDL52\lib\programs\MDStherest\map_data.pro --> harp.antcrc.utas.edu.au /model/crc/mdsumner/MDStherest map_data.pro
101.11.08 09:44 B C:\Program Files\RSI\IDL52\lib\programs\MDStherest\master_drift.pro --> harp.antcrc.utas.edu.au /model/crc/mdsumner/MDStherest master_drift.pro
101.11.08 09:44 B C:\Program Files\RSI\IDL52\lib\programs\MDStherest\meancum.pro --> harp.antcrc.utas.edu.au /model/crc/mdsumner/MDStherest meancum.pro
101.11.08 09:44 B C:\Program Files\RSI\IDL52\lib\programs\MDStherest\month_cnv.pro --> harp.antcrc.utas.edu.au /model/crc/mdsumner/MDStherest month_cnv.pro
101.11.08 09:44 B C:\Program Files\RSI\IDL52\lib\programs\MDStherest\movie.pro --> harp.antcrc.utas.edu.au /model/crc/mdsumner/MDStherest movie.pro
101.11.08 09:44 B C:\Program Files\RSI\IDL52\lib\programs\MDStherest\newcsv.pro --> harp.antcrc.utas.edu.au /model/crc/mdsumner/MDStherest newcsv.pro
101.11.08 09:44 B C:\Program Files\RSI\IDL52\lib\programs\MDStherest\oldfiltcellarc.pro --> harp.antcrc.utas.edu.au /model/crc/mdsumner/MDStherest oldfiltcellarc.pro
101.11.08 09:44 B C:\Program Files\RSI\IDL52\lib\programs\MDStherest\oldimage.pro --> harp.antcrc.utas.edu.au /model/crc/mdsumner/MDStherest oldimage.pro
101.11.08 09:44 B C:\Program Files\RSI\IDL52\lib\programs\MDStherest\oldsat_day.pro --> harp.antcrc.utas.edu.au /model/crc/mdsumner/MDStherest oldsat_day.pro
101.11.08 09:44 B C:\Program Files\RSI\IDL52\lib\programs\MDStherest\runaleks.pro --> harp.antcrc.utas.edu.au /model/crc/mdsumner/MDStherest runaleks.pro
101.11.08 09:44 B C:\Program Files\RSI\IDL52\lib\programs\MDStherest\sat_day.pro --> harp.antcrc.utas.edu.au /model/crc/mdsumner/MDStherest sat_day.pro
101.11.08 09:44 B C:\Program Files\RSI\IDL52\lib\programs\MDStherest\sat_day_nc.pro --> harp.antcrc.utas.edu.au /model/crc/mdsumner/MDStherest sat_day_nc.pro
101.11.08 09:44 B C:\Program Files\RSI\IDL52\lib\programs\MDStherest\sat_day2.pro --> harp.antcrc.utas.edu.au /model/crc/mdsumner/MDStherest sat_day2.pro
101.11.08 09:44 B C:\Program Files\RSI\IDL52\lib\programs\MDStherest\sat_grid.pro --> harp.antcrc.utas.edu.au /model/crc/mdsumner/MDStherest sat_grid.pro
101.11.08 09:44 B C:\Program Files\RSI\IDL52\lib\programs\MDStherest\sat_image.pro --> harp.antcrc.utas.edu.au /model/crc/mdsumner/MDStherest sat_image.pro
101.11.08 09:44 B C:\Program Files\RSI\IDL52\lib\programs\MDStherest\sat_period.pro --> harp.antcrc.utas.edu.au /model/crc/mdsumner/MDStherest sat_period.pro
101.11.08 09:44 B C:\Program Files\RSI\IDL52\lib\programs\MDStherest\snake_key.pro --> harp.antcrc.utas.edu.au /model/crc/mdsumner/MDStherest snake_key.pro
101.11.08 09:44 B C:\Program Files\RSI\IDL52\lib\programs\MDStherest\snakerun.pro --> harp.antcrc.utas.edu.au /model/crc/mdsumner/MDStherest snakerun.pro
101.11.08 09:44 B C:\Program Files\RSI\IDL52\lib\programs\MDStherest\ssmimon.pro --> harp.antcrc.utas.edu.au /model/crc/mdsumner/MDStherest ssmimon.pro
101.11.08 09:44 B C:\Program Files\RSI\IDL52\lib\programs\MDStherest\ssmitest.pro --> harp.antcrc.utas.edu.au /model/crc/mdsumner/MDStherest ssmitest.pro
101.11.08 09:44 B C:\Program Files\RSI\IDL52\lib\programs\MDStherest\sstclim2arc.pro --> harp.antcrc.utas.edu.au /model/crc/mdsumner/MDStherest sstclim2arc.pro
101.11.08 09:44 B C:\Program Files\RSI\IDL52\lib\programs\MDStherest\tony_gos.pro --> harp.antcrc.utas.edu.au /model/crc/mdsumner/MDStherest tony_gos.pro
101.11.08 09:44 B C:\Program Files\RSI\IDL52\lib\programs\MDStherest\tony_key.pro --> harp.antcrc.utas.edu.au /model/crc/mdsumner/MDStherest tony_key.pro
101.11.08 09:44 B C:\Program Files\RSI\IDL52\lib\programs\MDStherest\tony_sw.pro --> harp.antcrc.utas.edu.au /model/crc/mdsumner/MDStherest tony_sw.pro
101.11.08 09:44 B C:\Program Files\RSI\IDL52\lib\programs\MDStherest\worldmap.pro --> harp.antcrc.utas.edu.au /model/crc/mdsumner/MDStherest worldmap.pro
101.11.08 09:44 B C:\Program Files\RSI\IDL52\lib\programs\MDStherest\animap.pro --> harp.antcrc.utas.edu.au /model/crc/mdsumner/MDStherest animap.pro
101.11.08 09:44 B C:\Program Files\RSI\IDL52\lib\programs\MDStherest\animap2.pro --> harp.antcrc.utas.edu.au /model/crc/mdsumner/MDStherest animap2.pro
101.11.08 09:44 B C:\Program Files\RSI\IDL52\lib\programs\MDStherest\area.pro --> harp.antcrc.utas.edu.au /model/crc/mdsumner/MDStherest area.pro
101.11.08 09:44 B C:\Program Files\RSI\IDL52\lib\programs\MDStherest\bathmap.pro --> harp.antcrc.utas.edu.au /model/crc/mdsumner/MDStherest bathmap.pro
101.11.08 09:44 B C:\Program Files\RSI\IDL52\lib\programs\MDStherest\casetest.pro --> harp.antcrc.utas.edu.au /model/crc/mdsumner/MDStherest casetest.pro
101.11.08 09:44 B C:\Program Files\RSI\IDL52\lib\programs\MDStherest\cell_trackbig.pro --> harp.antcrc.utas.edu.au /model/crc/mdsumner/MDStherest cell_trackbig.pro
101.11.08 09:44 B C:\Program Files\RSI\IDL52\lib\programs\MDStherest\crapcell_drift.pro --> harp.antcrc.utas.edu.au /model/crc/mdsumner/MDStherest crapcell_drift.pro
101.11.08 09:44 B C:\Program Files\RSI\IDL52\lib\programs\MDStherest\disp.pro --> harp.antcrc.utas.edu.au /model/crc/mdsumner/MDStherest disp.pro
101.11.08 09:44 B C:\Program Files\RSI\IDL52\lib\programs\MDStherest\glb.pro --> harp.antcrc.utas.edu.au /model/crc/mdsumner/MDStherest glb.pro
101.11.08 09:44 B C:\Program Files\RSI\IDL52\lib\programs\MDStherest\globe.pro --> harp.antcrc.utas.edu.au /model/crc/mdsumner/MDStherest globe.pro
101.11.08 09:44 B C:\Program Files\RSI\IDL52\lib\programs\MDStherest\header template.pro --> harp.antcrc.utas.edu.au /model/crc/mdsumner/MDStherest header template.pro
101.11.08 09:44 B C:\Program Files\RSI\IDL52\lib\programs\MDStherest\helpidl.pro --> harp.antcrc.utas.edu.au /model/crc/mdsumner/MDStherest helpidl.pro
101.11.08 09:44 B C:\Program Files\RSI\IDL52\lib\programs\MDStherest\imagemap.pro --> harp.antcrc.utas.edu.au /model/crc/mdsumner/MDStherest imagemap.pro
101.11.08 09:44 B C:\Program Files\RSI\IDL52\lib\programs\MDStherest\ke_map_array.pro --> harp.antcrc.utas.edu.au /model/crc/mdsumner/MDStherest ke_map_array.pro
101.11.08 09:44 B C:\Program Files\RSI\IDL52\lib\programs\MDStherest\map_array2.pro --> harp.antcrc.utas.edu.au /model/crc/mdsumner/MDStherest map_array2.pro
101.11.08 09:44 B C:\Program Files\RSI\IDL52\lib\programs\MDStherest\newglobe_map.pro --> harp.antcrc.utas.edu.au /model/crc/mdsumner/MDStherest newglobe_map.pro
101.11.08 09:44 B C:\Program Files\RSI\IDL52\lib\programs\MDStherest\newlons.pro --> harp.antcrc.utas.edu.au /model/crc/mdsumner/MDStherest newlons.pro
101.11.08 09:44 B C:\Program Files\RSI\IDL52\lib\programs\MDStherest\oldclimout.pro --> harp.antcrc.utas.edu.au /model/crc/mdsumner/MDStherest oldclimout.pro
101.11.08 09:44 B C:\Program Files\RSI\IDL52\lib\programs\MDStherest\oldglobe_map.pro --> harp.antcrc.utas.edu.au /model/crc/mdsumner/MDStherest oldglobe_map.pro
101.11.08 09:44 B C:\Program Files\RSI\IDL52\lib\programs\MDStherest\oldmap_array.pro --> harp.antcrc.utas.edu.au /model/crc/mdsumner/MDStherest oldmap_array.pro
101.11.08 09:44 B C:\Program Files\RSI\IDL52\lib\programs\MDStherest\oplopt.pro --> harp.antcrc.utas.edu.au /model/crc/mdsumner/MDStherest oplopt.pro
101.11.08 09:44 B C:\Program Files\RSI\IDL52\lib\programs\MDStherest\printoks.pro --> harp.antcrc.utas.edu.au /model/crc/mdsumner/MDStherest printoks.pro
101.11.08 09:44 B C:\Program Files\RSI\IDL52\lib\programs\MDStherest\prof_test.pro --> harp.antcrc.utas.edu.au /model/crc/mdsumner/MDStherest prof_test.pro
101.11.08 09:44 B C:\Program Files\RSI\IDL52\lib\programs\MDStherest\run.pro --> harp.antcrc.utas.edu.au /model/crc/mdsumner/MDStherest run.pro
101.11.08 09:44 B C:\Program Files\RSI\IDL52\lib\programs\MDStherest\runboot.pro --> harp.antcrc.utas.edu.au /model/crc/mdsumner/MDStherest runboot.pro
101.11.08 09:44 B C:\Program Files\RSI\IDL52\lib\programs\MDStherest\runtxt.pro --> harp.antcrc.utas.edu.au /model/crc/mdsumner/MDStherest runtxt.pro
101.11.08 09:44 B C:\Program Files\RSI\IDL52\lib\programs\MDStherest\save.pro --> harp.antcrc.utas.edu.au /model/crc/mdsumner/MDStherest save.pro
101.11.08 09:44 B C:\Program Files\RSI\IDL52\lib\programs\MDStherest\showpres.pro --> harp.antcrc.utas.edu.au /model/crc/mdsumner/MDStherest showpres.pro
101.11.08 09:44 B C:\Program Files\RSI\IDL52\lib\programs\MDStherest\snake2ptt.pro --> harp.antcrc.utas.edu.au /model/crc/mdsumner/MDStherest snake2ptt.pro
101.11.08 09:44 B C:\Program Files\RSI\IDL52\lib\programs\MDStherest\ssa_mask.pro --> harp.antcrc.utas.edu.au /model/crc/mdsumner/MDStherest ssa_mask.pro
101.11.08 09:44 B C:\Program Files\RSI\IDL52\lib\programs\MDStherest\sst_out.pro --> harp.antcrc.utas.edu.au /model/crc/mdsumner/MDStherest sst_out.pro
101.11.08 09:44 B C:\Program Files\RSI\IDL52\lib\programs\MDStherest\sst_sum.pro --> harp.antcrc.utas.edu.au /model/crc/mdsumner/MDStherest sst_sum.pro
101.11.08 09:44 B C:\Program Files\RSI\IDL52\lib\programs\MDStherest\start.pro --> harp.antcrc.utas.edu.au /model/crc/mdsumner/MDStherest start.pro
101.11.08 09:44 B C:\Program Files\RSI\IDL52\lib\programs\MDStherest\sw_sum.pro --> harp.antcrc.utas.edu.au /model/crc/mdsumner/MDStherest sw_sum.pro
101.11.08 09:44 B C:\Program Files\RSI\IDL52\lib\programs\MDStherest\tonyrun.pro --> harp.antcrc.utas.edu.au /model/crc/mdsumner/MDStherest tonyrun.pro
101.11.08 09:44 B C:\Program Files\RSI\IDL52\lib\programs\MDStherest\tonyrun2.pro --> harp.antcrc.utas.edu.au /model/crc/mdsumner/MDStherest tonyrun2.pro
101.11.08 09:44 B C:\Program Files\RSI\IDL52\lib\programs\MDStherest\tonyrun3.pro --> harp.antcrc.utas.edu.au /model/crc/mdsumner/MDStherest tonyrun3.pro
101.11.08 09:44 B C:\Program Files\RSI\IDL52\lib\programs\MDStherest\allpen.pro --> harp.antcrc.utas.edu.au /model/crc/mdsumner/MDStherest allpen.pro
101.11.08 09:44 B C:\Program Files\RSI\IDL52\lib\programs\MDStherest\test.pro --> harp.antcrc.utas.edu.au /model/crc/mdsumner/MDStherest test.pro
101.11.08 09:44 B C:\Program Files\RSI\IDL52\lib\programs\MDStherest\zipfiles.pro --> harp.antcrc.utas.edu.au /model/crc/mdsumner/MDStherest zipfiles.pro
101.11.08 09:44 B C:\Program Files\RSI\IDL52\lib\programs\MDStherest\sat_sum_maybetopex.pro --> harp.antcrc.utas.edu.au /model/crc/mdsumner/MDStherest sat_sum_maybetopex.pro
101.11.08 09:44 B C:\Program Files\RSI\IDL52\lib\programs\MDStherest\ssaglobe.pro --> harp.antcrc.utas.edu.au /model/crc/mdsumner/MDStherest ssaglobe.pro
101.11.08 09:44 B C:\Program Files\RSI\IDL52\lib\programs\MDStherest\ke_bath2stru.pro --> harp.antcrc.utas.edu.au /model/crc/mdsumner/MDStherest ke_bath2stru.pro
101.11.08 09:44 B C:\Program Files\RSI\IDL52\lib\programs\MDStherest\frontsouts.pro --> harp.antcrc.utas.edu.au /model/crc/mdsumner/MDStherest frontsouts.pro
101.11.08 09:44 B C:\Program Files\RSI\IDL52\lib\programs\MDStherest\woce_sst2arc.pro --> harp.antcrc.utas.edu.au /model/crc/mdsumner/MDStherest woce_sst2arc.pro
101.11.08 09:44 B C:\Program Files\RSI\IDL52\lib\programs\MDStherest\height2arc2.pro --> harp.antcrc.utas.edu.au /model/crc/mdsumner/MDStherest height2arc2.pro
101.11.08 09:44 B C:\Program Files\RSI\IDL52\lib\programs\MDStherest\woce_sstext.BAK --> harp.antcrc.utas.edu.au /model/crc/mdsumner/MDStherest woce_sstext.BAK
101.11.08 09:44 B C:\Program Files\RSI\IDL52\lib\programs\MDStherest\sstdisp.pro --> harp.antcrc.utas.edu.au /model/crc/mdsumner/MDStherest sstdisp.pro
101.11.08 09:44 B C:\Program Files\RSI\IDL52\lib\programs\MDStherest\imsave.pro --> harp.antcrc.utas.edu.au /model/crc/mdsumner/MDStherest imsave.pro
101.11.08 09:44 B C:\Program Files\RSI\IDL52\lib\programs\MDStherest\height2arc.pro --> harp.antcrc.utas.edu.au /model/crc/mdsumner/MDStherest height2arc.pro
101.11.08 09:44 B C:\Program Files\RSI\IDL52\lib\programs\MDStherest\place_names.BAK --> harp.antcrc.utas.edu.au /model/crc/mdsumner/MDStherest place_names.BAK
101.11.08 09:44 B C:\Program Files\RSI\IDL52\lib\programs\MDStherest\place_names.pro --> harp.antcrc.utas.edu.au /model/crc/mdsumner/MDStherest place_names.pro
101.11.08 09:44 B C:\Program Files\RSI\IDL52\lib\programs\MDStherest\climout.BAK --> harp.antcrc.utas.edu.au /model/crc/mdsumner/MDStherest climout.BAK
101.11.08 09:44 B C:\Program Files\RSI\IDL52\lib\programs\MDStherest\woce_sstext.pro --> harp.antcrc.utas.edu.au /model/crc/mdsumner/MDStherest woce_sstext.pro
101.11.08 09:44 B C:\Program Files\RSI\IDL52\lib\programs\MDStherest\climout.pro --> harp.antcrc.utas.edu.au /model/crc/mdsumner/MDStherest climout.pro
101.11.08 09:44 B C:\Program Files\RSI\IDL52\lib\programs\MDStherest\climdisp.BAK --> harp.antcrc.utas.edu.au /model/crc/mdsumner/MDStherest climdisp.BAK
101.11.08 09:44 B C:\Program Files\RSI\IDL52\lib\programs\MDStherest\climdisp.pro --> harp.antcrc.utas.edu.au /model/crc/mdsumner/MDStherest climdisp.pro
