101.11.08 09:41 B C:\Program Files\RSI\IDL52\lib\programs\JHUAPLS1R\boxarea.pro --> harp.antcrc.utas.edu.au /model/crc/mdsumner/programs/JHUAPLS1R boxarea.pro
101.11.08 09:41 B C:\Program Files\RSI\IDL52\lib\programs\JHUAPLS1R\etc.pro --> harp.antcrc.utas.edu.au /model/crc/mdsumner/programs/JHUAPLS1R etc.pro
101.11.08 09:41 B C:\Program Files\RSI\IDL52\lib\programs\JHUAPLS1R\add_margin.pro --> harp.antcrc.utas.edu.au /model/crc/mdsumner/programs/JHUAPLS1R add_margin.pro
101.11.08 09:41 B C:\Program Files\RSI\IDL52\lib\programs\JHUAPLS1R\animals.pro --> harp.antcrc.utas.edu.au /model/crc/mdsumner/programs/JHUAPLS1R animals.pro
101.11.08 09:41 B C:\Program Files\RSI\IDL52\lib\programs\JHUAPLS1R\getkey.pro --> harp.antcrc.utas.edu.au /model/crc/mdsumner/programs/JHUAPLS1R getkey.pro
101.11.08 09:41 B C:\Program Files\RSI\IDL52\lib\programs\JHUAPLS1R\sun_colors.txt --> harp.antcrc.utas.edu.au /model/crc/mdsumner/programs/JHUAPLS1R sun_colors.txt
101.11.08 09:41 B C:\Program Files\RSI\IDL52\lib\programs\JHUAPLS1R\fslider_setrange.pro --> harp.antcrc.utas.edu.au /model/crc/mdsumner/programs/JHUAPLS1R fslider_setrange.pro
101.11.08 09:41 B C:\Program Files\RSI\IDL52\lib\programs\JHUAPLS1R\colors.txt --> harp.antcrc.utas.edu.au /model/crc/mdsumner/programs/JHUAPLS1R colors.txt
101.11.08 09:41 B C:\Program Files\RSI\IDL52\lib\programs\JHUAPLS1R\d2dms.pro --> harp.antcrc.utas.edu.au /model/crc/mdsumner/programs/JHUAPLS1R d2dms.pro
101.11.08 09:41 B C:\Program Files\RSI\IDL52\lib\programs\JHUAPLS1R\screentiff.pro --> harp.antcrc.utas.edu.au /model/crc/mdsumner/programs/JHUAPLS1R screentiff.pro
101.11.08 09:41 B C:\Program Files\RSI\IDL52\lib\programs\JHUAPLS1R\setcolor.pro --> harp.antcrc.utas.edu.au /model/crc/mdsumner/programs/JHUAPLS1R setcolor.pro
101.11.08 09:41 B C:\Program Files\RSI\IDL52\lib\programs\JHUAPLS1R\tvsharp.pro --> harp.antcrc.utas.edu.au /model/crc/mdsumner/programs/JHUAPLS1R tvsharp.pro
101.11.08 09:41 B C:\Program Files\RSI\IDL52\lib\programs\JHUAPLS1R\dist_scale2.pro --> harp.antcrc.utas.edu.au /model/crc/mdsumner/programs/JHUAPLS1R dist_scale2.pro
101.11.08 09:41 B C:\Program Files\RSI\IDL52\lib\programs\JHUAPLS1R\state_name.pro --> harp.antcrc.utas.edu.au /model/crc/mdsumner/programs/JHUAPLS1R state_name.pro
101.11.08 09:41 B C:\Program Files\RSI\IDL52\lib\programs\JHUAPLS1R\apodize.pro --> harp.antcrc.utas.edu.au /model/crc/mdsumner/programs/JHUAPLS1R apodize.pro
101.11.08 09:41 B C:\Program Files\RSI\IDL52\lib\programs\JHUAPLS1R\arcs.pro --> harp.antcrc.utas.edu.au /model/crc/mdsumner/programs/JHUAPLS1R arcs.pro
101.11.08 09:41 B C:\Program Files\RSI\IDL52\lib\programs\JHUAPLS1R\cgm.pro --> harp.antcrc.utas.edu.au /model/crc/mdsumner/programs/JHUAPLS1R cgm.pro
101.11.08 09:41 B C:\Program Files\RSI\IDL52\lib\programs\JHUAPLS1R\lib_purpose.txt --> harp.antcrc.utas.edu.au /model/crc/mdsumner/programs/JHUAPLS1R lib_purpose.txt
101.11.08 09:41 B C:\Program Files\RSI\IDL52\lib\programs\JHUAPLS1R\arrow.pro --> harp.antcrc.utas.edu.au /model/crc/mdsumner/programs/JHUAPLS1R arrow.pro
101.11.08 09:41 B C:\Program Files\RSI\IDL52\lib\programs\JHUAPLS1R\fill_cont.pro --> harp.antcrc.utas.edu.au /model/crc/mdsumner/programs/JHUAPLS1R fill_cont.pro
101.11.08 09:41 B C:\Program Files\RSI\IDL52\lib\programs\JHUAPLS1R\scramble.pro --> harp.antcrc.utas.edu.au /model/crc/mdsumner/programs/JHUAPLS1R scramble.pro
101.11.08 09:41 B C:\Program Files\RSI\IDL52\lib\programs\JHUAPLS1R\bell.pro --> harp.antcrc.utas.edu.au /model/crc/mdsumner/programs/JHUAPLS1R bell.pro
101.11.08 09:41 B C:\Program Files\RSI\IDL52\lib\programs\JHUAPLS1R\makems.pro --> harp.antcrc.utas.edu.au /model/crc/mdsumner/programs/JHUAPLS1R makems.pro
101.11.08 09:41 B C:\Program Files\RSI\IDL52\lib\programs\JHUAPLS1R\binbound.pro --> harp.antcrc.utas.edu.au /model/crc/mdsumner/programs/JHUAPLS1R binbound.pro
101.11.08 09:41 B C:\Program Files\RSI\IDL52\lib\programs\JHUAPLS1R\blend.pro --> harp.antcrc.utas.edu.au /model/crc/mdsumner/programs/JHUAPLS1R blend.pro
101.11.08 09:41 B C:\Program Files\RSI\IDL52\lib\programs\JHUAPLS1R\box_size.pro --> harp.antcrc.utas.edu.au /model/crc/mdsumner/programs/JHUAPLS1R box_size.pro
101.11.08 09:41 B C:\Program Files\RSI\IDL52\lib\programs\JHUAPLS1R\basecon.pro --> harp.antcrc.utas.edu.au /model/crc/mdsumner/programs/JHUAPLS1R basecon.pro
101.11.08 09:41 B C:\Program Files\RSI\IDL52\lib\programs\JHUAPLS1R\checker.pro --> harp.antcrc.utas.edu.au /model/crc/mdsumner/programs/JHUAPLS1R checker.pro
101.11.08 09:41 B C:\Program Files\RSI\IDL52\lib\programs\JHUAPLS1R\chinit.pro --> harp.antcrc.utas.edu.au /model/crc/mdsumner/programs/JHUAPLS1R chinit.pro
101.11.08 09:42 B C:\Program Files\RSI\IDL52\lib\programs\JHUAPLS1R\azi.txt --> harp.antcrc.utas.edu.au /model/crc/mdsumner/programs/JHUAPLS1R azi.txt
101.11.08 09:42 B C:\Program Files\RSI\IDL52\lib\programs\JHUAPLS1R\cm2norm.pro --> harp.antcrc.utas.edu.au /model/crc/mdsumner/programs/JHUAPLS1R cm2norm.pro
101.11.08 09:42 B C:\Program Files\RSI\IDL52\lib\programs\JHUAPLS1R\color.pro --> harp.antcrc.utas.edu.au /model/crc/mdsumner/programs/JHUAPLS1R color.pro
101.11.08 09:42 B C:\Program Files\RSI\IDL52\lib\programs\JHUAPLS1R\convert_ind.pro --> harp.antcrc.utas.edu.au /model/crc/mdsumner/programs/JHUAPLS1R convert_ind.pro
101.11.08 09:42 B C:\Program Files\RSI\IDL52\lib\programs\JHUAPLS1R\cosfilt.pro --> harp.antcrc.utas.edu.au /model/crc/mdsumner/programs/JHUAPLS1R cosfilt.pro
101.11.08 09:42 B C:\Program Files\RSI\IDL52\lib\programs\JHUAPLS1R\costap.pro --> harp.antcrc.utas.edu.au /model/crc/mdsumner/programs/JHUAPLS1R costap.pro
101.11.08 09:42 B C:\Program Files\RSI\IDL52\lib\programs\JHUAPLS1R\cspec.pro --> harp.antcrc.utas.edu.au /model/crc/mdsumner/programs/JHUAPLS1R cspec.pro
101.11.08 09:42 B C:\Program Files\RSI\IDL52\lib\programs\JHUAPLS1R\state_names.txt --> harp.antcrc.utas.edu.au /model/crc/mdsumner/programs/JHUAPLS1R state_names.txt
101.11.08 09:42 B C:\Program Files\RSI\IDL52\lib\programs\JHUAPLS1R\ctint.pro --> harp.antcrc.utas.edu.au /model/crc/mdsumner/programs/JHUAPLS1R ctint.pro
101.11.08 09:42 B C:\Program Files\RSI\IDL52\lib\programs\JHUAPLS1R\dot.pro --> harp.antcrc.utas.edu.au /model/crc/mdsumner/programs/JHUAPLS1R dot.pro
101.11.08 09:42 B C:\Program Files\RSI\IDL52\lib\programs\JHUAPLS1R\ctrim.pro --> harp.antcrc.utas.edu.au /model/crc/mdsumner/programs/JHUAPLS1R ctrim.pro
101.11.08 09:42 B C:\Program Files\RSI\IDL52\lib\programs\JHUAPLS1R\cumulate.pro --> harp.antcrc.utas.edu.au /model/crc/mdsumner/programs/JHUAPLS1R cumulate.pro
101.11.08 09:42 B C:\Program Files\RSI\IDL52\lib\programs\JHUAPLS1R\datatype.pro --> harp.antcrc.utas.edu.au /model/crc/mdsumner/programs/JHUAPLS1R datatype.pro
101.11.08 09:42 B C:\Program Files\RSI\IDL52\lib\programs\JHUAPLS1R\delchr.pro --> harp.antcrc.utas.edu.au /model/crc/mdsumner/programs/JHUAPLS1R delchr.pro
101.11.08 09:42 B C:\Program Files\RSI\IDL52\lib\programs\JHUAPLS1R\date2ymd.pro --> harp.antcrc.utas.edu.au /model/crc/mdsumner/programs/JHUAPLS1R date2ymd.pro
101.11.08 09:42 B C:\Program Files\RSI\IDL52\lib\programs\JHUAPLS1R\diskcenter.pro --> harp.antcrc.utas.edu.au /model/crc/mdsumner/programs/JHUAPLS1R diskcenter.pro
101.11.08 09:42 B C:\Program Files\RSI\IDL52\lib\programs\JHUAPLS1R\dms_form.pro --> harp.antcrc.utas.edu.au /model/crc/mdsumner/programs/JHUAPLS1R dms_form.pro
101.11.08 09:42 B C:\Program Files\RSI\IDL52\lib\programs\JHUAPLS1R\pmatch.pro --> harp.antcrc.utas.edu.au /model/crc/mdsumner/programs/JHUAPLS1R pmatch.pro
101.11.08 09:42 B C:\Program Files\RSI\IDL52\lib\programs\JHUAPLS1R\draw.pro --> harp.antcrc.utas.edu.au /model/crc/mdsumner/programs/JHUAPLS1R draw.pro
101.11.08 09:42 B C:\Program Files\RSI\IDL52\lib\programs\JHUAPLS1R\drawpoly.pro --> harp.antcrc.utas.edu.au /model/crc/mdsumner/programs/JHUAPLS1R drawpoly.pro
101.11.08 09:42 B C:\Program Files\RSI\IDL52\lib\programs\JHUAPLS1R\dt_tm_brk.pro --> harp.antcrc.utas.edu.au /model/crc/mdsumner/programs/JHUAPLS1R dt_tm_brk.pro
101.11.08 09:42 B C:\Program Files\RSI\IDL52\lib\programs\JHUAPLS1R\dt_tm_chk.pro --> harp.antcrc.utas.edu.au /model/crc/mdsumner/programs/JHUAPLS1R dt_tm_chk.pro
101.11.08 09:42 B C:\Program Files\RSI\IDL52\lib\programs\JHUAPLS1R\dt_tm_dif.pro --> harp.antcrc.utas.edu.au /model/crc/mdsumner/programs/JHUAPLS1R dt_tm_dif.pro
101.11.08 09:42 B C:\Program Files\RSI\IDL52\lib\programs\JHUAPLS1R\dt_tm_fromjs.pro --> harp.antcrc.utas.edu.au /model/crc/mdsumner/programs/JHUAPLS1R dt_tm_fromjs.pro
101.11.08 09:42 B C:\Program Files\RSI\IDL52\lib\programs\JHUAPLS1R\dt_tm_inc.pro --> harp.antcrc.utas.edu.au /model/crc/mdsumner/programs/JHUAPLS1R dt_tm_inc.pro
101.11.08 09:42 B C:\Program Files\RSI\IDL52\lib\programs\JHUAPLS1R\dt_tm_mak.pro --> harp.antcrc.utas.edu.au /model/crc/mdsumner/programs/JHUAPLS1R dt_tm_mak.pro
101.11.08 09:42 B C:\Program Files\RSI\IDL52\lib\programs\JHUAPLS1R\dt_tm_tojs.pro --> harp.antcrc.utas.edu.au /model/crc/mdsumner/programs/JHUAPLS1R dt_tm_tojs.pro
101.11.08 09:42 B C:\Program Files\RSI\IDL52\lib\programs\JHUAPLS1R\embed.pro --> harp.antcrc.utas.edu.au /model/crc/mdsumner/programs/JHUAPLS1R embed.pro
101.11.08 09:42 B C:\Program Files\RSI\IDL52\lib\programs\JHUAPLS1R\enter.pro --> harp.antcrc.utas.edu.au /model/crc/mdsumner/programs/JHUAPLS1R enter.pro
101.11.08 09:42 B C:\Program Files\RSI\IDL52\lib\programs\JHUAPLS1R\envelope.pro --> harp.antcrc.utas.edu.au /model/crc/mdsumner/programs/JHUAPLS1R envelope.pro
101.11.08 09:42 B C:\Program Files\RSI\IDL52\lib\programs\JHUAPLS1R\explore.pro --> harp.antcrc.utas.edu.au /model/crc/mdsumner/programs/JHUAPLS1R explore.pro
101.11.08 09:42 B C:\Program Files\RSI\IDL52\lib\programs\JHUAPLS1R\exrange.pro --> harp.antcrc.utas.edu.au /model/crc/mdsumner/programs/JHUAPLS1R exrange.pro
101.11.08 09:42 B C:\Program Files\RSI\IDL52\lib\programs\JHUAPLS1R\disclaimer.txt --> harp.antcrc.utas.edu.au /model/crc/mdsumner/programs/JHUAPLS1R disclaimer.txt
101.11.08 09:42 B C:\Program Files\RSI\IDL52\lib\programs\JHUAPLS1R\extremes.pro --> harp.antcrc.utas.edu.au /model/crc/mdsumner/programs/JHUAPLS1R extremes.pro
101.11.08 09:42 B C:\Program Files\RSI\IDL52\lib\programs\JHUAPLS1R\f2fi16.pro --> harp.antcrc.utas.edu.au /model/crc/mdsumner/programs/JHUAPLS1R f2fi16.pro
101.11.08 09:42 B C:\Program Files\RSI\IDL52\lib\programs\JHUAPLS1R\factor.pro --> harp.antcrc.utas.edu.au /model/crc/mdsumner/programs/JHUAPLS1R factor.pro
101.11.08 09:42 B C:\Program Files\RSI\IDL52\lib\programs\JHUAPLS1R\fft_filter.pro --> harp.antcrc.utas.edu.au /model/crc/mdsumner/programs/JHUAPLS1R fft_filter.pro
101.11.08 09:42 B C:\Program Files\RSI\IDL52\lib\programs\JHUAPLS1R\filebreak.pro --> harp.antcrc.utas.edu.au /model/crc/mdsumner/programs/JHUAPLS1R filebreak.pro
101.11.08 09:42 B C:\Program Files\RSI\IDL52\lib\programs\JHUAPLS1R\filename.pro --> harp.antcrc.utas.edu.au /model/crc/mdsumner/programs/JHUAPLS1R filename.pro
101.11.08 09:42 B C:\Program Files\RSI\IDL52\lib\programs\JHUAPLS1R\findfile2.pro --> harp.antcrc.utas.edu.au /model/crc/mdsumner/programs/JHUAPLS1R findfile2.pro
101.11.08 09:42 B C:\Program Files\RSI\IDL52\lib\programs\JHUAPLS1R\findfile3.pro --> harp.antcrc.utas.edu.au /model/crc/mdsumner/programs/JHUAPLS1R findfile3.pro
101.11.08 09:42 B C:\Program Files\RSI\IDL52\lib\programs\JHUAPLS1R\firstchar.pro --> harp.antcrc.utas.edu.au /model/crc/mdsumner/programs/JHUAPLS1R firstchar.pro
101.11.08 09:42 B C:\Program Files\RSI\IDL52\lib\programs\JHUAPLS1R\fit.pro --> harp.antcrc.utas.edu.au /model/crc/mdsumner/programs/JHUAPLS1R fit.pro
101.11.08 09:42 B C:\Program Files\RSI\IDL52\lib\programs\JHUAPLS1R\fit12.pro --> harp.antcrc.utas.edu.au /model/crc/mdsumner/programs/JHUAPLS1R fit12.pro
101.11.08 09:42 B C:\Program Files\RSI\IDL52\lib\programs\JHUAPLS1R\fit6.pro --> harp.antcrc.utas.edu.au /model/crc/mdsumner/programs/JHUAPLS1R fit6.pro
101.11.08 09:42 B C:\Program Files\RSI\IDL52\lib\programs\JHUAPLS1R\thplot.pro --> harp.antcrc.utas.edu.au /model/crc/mdsumner/programs/JHUAPLS1R thplot.pro
101.11.08 09:42 B C:\Program Files\RSI\IDL52\lib\programs\JHUAPLS1R\xcyph.pro --> harp.antcrc.utas.edu.au /model/crc/mdsumner/programs/JHUAPLS1R xcyph.pro
101.11.08 09:42 B C:\Program Files\RSI\IDL52\lib\programs\JHUAPLS1R\ruler.txt --> harp.antcrc.utas.edu.au /model/crc/mdsumner/programs/JHUAPLS1R ruler.txt
101.11.08 09:42 B C:\Program Files\RSI\IDL52\lib\programs\JHUAPLS1R\js2weekday.pro --> harp.antcrc.utas.edu.au /model/crc/mdsumner/programs/JHUAPLS1R js2weekday.pro
101.11.08 09:42 B C:\Program Files\RSI\IDL52\lib\programs\JHUAPLS1R\plotseq_1.hlp --> harp.antcrc.utas.edu.au /model/crc/mdsumner/programs/JHUAPLS1R plotseq_1.hlp
101.11.08 09:42 B C:\Program Files\RSI\IDL52\lib\programs\JHUAPLS1R\plotseq_2.hlp --> harp.antcrc.utas.edu.au /model/crc/mdsumner/programs/JHUAPLS1R plotseq_2.hlp
101.11.08 09:42 B C:\Program Files\RSI\IDL52\lib\programs\JHUAPLS1R\plotseq_3.hlp --> harp.antcrc.utas.edu.au /model/crc/mdsumner/programs/JHUAPLS1R plotseq_3.hlp
101.11.08 09:42 B C:\Program Files\RSI\IDL52\lib\programs\JHUAPLS1R\imgsqz.pro --> harp.antcrc.utas.edu.au /model/crc/mdsumner/programs/JHUAPLS1R imgsqz.pro
101.11.08 09:42 B C:\Program Files\RSI\IDL52\lib\programs\JHUAPLS1R\xline.pro --> harp.antcrc.utas.edu.au /model/crc/mdsumner/programs/JHUAPLS1R xline.pro
101.11.08 09:42 B C:\Program Files\RSI\IDL52\lib\programs\JHUAPLS1R\alt.txt --> harp.antcrc.utas.edu.au /model/crc/mdsumner/programs/JHUAPLS1R alt.txt
101.11.08 09:42 B C:\Program Files\RSI\IDL52\lib\programs\JHUAPLS1R\protractor.pro --> harp.antcrc.utas.edu.au /model/crc/mdsumner/programs/JHUAPLS1R protractor.pro
101.11.08 09:42 B C:\Program Files\RSI\IDL52\lib\programs\JHUAPLS1R\idl_psprinters.txt --> harp.antcrc.utas.edu.au /model/crc/mdsumner/programs/JHUAPLS1R idl_psprinters.txt
101.11.08 09:42 B C:\Program Files\RSI\IDL52\lib\programs\JHUAPLS1R\pan.pro --> harp.antcrc.utas.edu.au /model/crc/mdsumner/programs/JHUAPLS1R pan.pro
101.11.08 09:42 B C:\Program Files\RSI\IDL52\lib\programs\JHUAPLS1R\txtgetkey.pro --> harp.antcrc.utas.edu.au /model/crc/mdsumner/programs/JHUAPLS1R txtgetkey.pro
101.11.08 09:42 B C:\Program Files\RSI\IDL52\lib\programs\JHUAPLS1R\imgline.pro --> harp.antcrc.utas.edu.au /model/crc/mdsumner/programs/JHUAPLS1R imgline.pro
101.11.08 09:42 B C:\Program Files\RSI\IDL52\lib\programs\JHUAPLS1R\pcon.pro --> harp.antcrc.utas.edu.au /model/crc/mdsumner/programs/JHUAPLS1R pcon.pro
101.11.08 09:42 B C:\Program Files\RSI\IDL52\lib\programs\JHUAPLS1R\dist_scale.pro --> harp.antcrc.utas.edu.au /model/crc/mdsumner/programs/JHUAPLS1R dist_scale.pro
101.11.08 09:42 B C:\Program Files\RSI\IDL52\lib\programs\JHUAPLS1R\imgregion.pro --> harp.antcrc.utas.edu.au /model/crc/mdsumner/programs/JHUAPLS1R imgregion.pro
101.11.08 09:42 B C:\Program Files\RSI\IDL52\lib\programs\JHUAPLS1R\js2v.pro --> harp.antcrc.utas.edu.au /model/crc/mdsumner/programs/JHUAPLS1R js2v.pro
101.11.08 09:42 B C:\Program Files\RSI\IDL52\lib\programs\JHUAPLS1R\jd2mdays.pro --> harp.antcrc.utas.edu.au /model/crc/mdsumner/programs/JHUAPLS1R jd2mdays.pro
101.11.08 09:42 B C:\Program Files\RSI\IDL52\lib\programs\JHUAPLS1R\ph.pro --> harp.antcrc.utas.edu.au /model/crc/mdsumner/programs/JHUAPLS1R ph.pro
101.11.08 09:42 B C:\Program Files\RSI\IDL52\lib\programs\JHUAPLS1R\fixang.pro --> harp.antcrc.utas.edu.au /model/crc/mdsumner/programs/JHUAPLS1R fixang.pro
101.11.08 09:42 B C:\Program Files\RSI\IDL52\lib\programs\JHUAPLS1R\xspec.pro --> harp.antcrc.utas.edu.au /model/crc/mdsumner/programs/JHUAPLS1R xspec.pro
101.11.08 09:42 B C:\Program Files\RSI\IDL52\lib\programs\JHUAPLS1R\fixgaps.pro --> harp.antcrc.utas.edu.au /model/crc/mdsumner/programs/JHUAPLS1R fixgaps.pro
101.11.08 09:42 B C:\Program Files\RSI\IDL52\lib\programs\JHUAPLS1R\flat2sph.pro --> harp.antcrc.utas.edu.au /model/crc/mdsumner/programs/JHUAPLS1R flat2sph.pro
101.11.08 09:42 B C:\Program Files\RSI\IDL52\lib\programs\JHUAPLS1R\fndwrd.pro --> harp.antcrc.utas.edu.au /model/crc/mdsumner/programs/JHUAPLS1R fndwrd.pro
101.11.08 09:42 B C:\Program Files\RSI\IDL52\lib\programs\JHUAPLS1R\points.pro --> harp.antcrc.utas.edu.au /model/crc/mdsumner/programs/JHUAPLS1R points.pro
101.11.08 09:42 B C:\Program Files\RSI\IDL52\lib\programs\JHUAPLS1R\gauss.pro --> harp.antcrc.utas.edu.au /model/crc/mdsumner/programs/JHUAPLS1R gauss.pro
101.11.08 09:42 B C:\Program Files\RSI\IDL52\lib\programs\JHUAPLS1R\genarrow.pro --> harp.antcrc.utas.edu.au /model/crc/mdsumner/programs/JHUAPLS1R genarrow.pro
101.11.08 09:42 B C:\Program Files\RSI\IDL52\lib\programs\JHUAPLS1R\genshape.pro --> harp.antcrc.utas.edu.au /model/crc/mdsumner/programs/JHUAPLS1R genshape.pro
101.11.08 09:42 B C:\Program Files\RSI\IDL52\lib\programs\JHUAPLS1R\gen_fit.pro --> harp.antcrc.utas.edu.au /model/crc/mdsumner/programs/JHUAPLS1R gen_fit.pro
101.11.08 09:42 B C:\Program Files\RSI\IDL52\lib\programs\JHUAPLS1R\round2.pro --> harp.antcrc.utas.edu.au /model/crc/mdsumner/programs/JHUAPLS1R round2.pro
101.11.08 09:42 B C:\Program Files\RSI\IDL52\lib\programs\JHUAPLS1R\getfile.pro --> harp.antcrc.utas.edu.au /model/crc/mdsumner/programs/JHUAPLS1R getfile.pro
101.11.08 09:42 B C:\Program Files\RSI\IDL52\lib\programs\JHUAPLS1R\getfileln.pro --> harp.antcrc.utas.edu.au /model/crc/mdsumner/programs/JHUAPLS1R getfileln.pro
101.11.08 09:42 B C:\Program Files\RSI\IDL52\lib\programs\JHUAPLS1R\created.pro --> harp.antcrc.utas.edu.au /model/crc/mdsumner/programs/JHUAPLS1R created.pro
101.11.08 09:42 B C:\Program Files\RSI\IDL52\lib\programs\JHUAPLS1R\getrun.pro --> harp.antcrc.utas.edu.au /model/crc/mdsumner/programs/JHUAPLS1R getrun.pro
101.11.08 09:42 B C:\Program Files\RSI\IDL52\lib\programs\JHUAPLS1R\getsysnams.pro --> harp.antcrc.utas.edu.au /model/crc/mdsumner/programs/JHUAPLS1R getsysnams.pro
101.11.08 09:42 B C:\Program Files\RSI\IDL52\lib\programs\JHUAPLS1R\getview.pro --> harp.antcrc.utas.edu.au /model/crc/mdsumner/programs/JHUAPLS1R getview.pro
101.11.08 09:42 B C:\Program Files\RSI\IDL52\lib\programs\JHUAPLS1R\getwindow.pro --> harp.antcrc.utas.edu.au /model/crc/mdsumner/programs/JHUAPLS1R getwindow.pro
101.11.08 09:42 B C:\Program Files\RSI\IDL52\lib\programs\JHUAPLS1R\graphfile.pro --> harp.antcrc.utas.edu.au /model/crc/mdsumner/programs/JHUAPLS1R graphfile.pro
101.11.08 09:42 B C:\Program Files\RSI\IDL52\lib\programs\JHUAPLS1R\helpfile.pro --> harp.antcrc.utas.edu.au /model/crc/mdsumner/programs/JHUAPLS1R helpfile.pro
101.11.08 09:42 B C:\Program Files\RSI\IDL52\lib\programs\JHUAPLS1R\help_save2.pro --> harp.antcrc.utas.edu.au /model/crc/mdsumner/programs/JHUAPLS1R help_save2.pro
101.11.08 09:42 B C:\Program Files\RSI\IDL52\lib\programs\JHUAPLS1R\hist.pro --> harp.antcrc.utas.edu.au /model/crc/mdsumner/programs/JHUAPLS1R hist.pro
101.11.08 09:42 B C:\Program Files\RSI\IDL52\lib\programs\JHUAPLS1R\hist2d.pro --> harp.antcrc.utas.edu.au /model/crc/mdsumner/programs/JHUAPLS1R hist2d.pro
101.11.08 09:42 B C:\Program Files\RSI\IDL52\lib\programs\JHUAPLS1R\hline.pro --> harp.antcrc.utas.edu.au /model/crc/mdsumner/programs/JHUAPLS1R hline.pro
101.11.08 09:42 B C:\Program Files\RSI\IDL52\lib\programs\JHUAPLS1R\hlp.pro --> harp.antcrc.utas.edu.au /model/crc/mdsumner/programs/JHUAPLS1R hlp.pro
101.11.08 09:42 B C:\Program Files\RSI\IDL52\lib\programs\JHUAPLS1R\hor.pro --> harp.antcrc.utas.edu.au /model/crc/mdsumner/programs/JHUAPLS1R hor.pro
101.11.08 09:42 B C:\Program Files\RSI\IDL52\lib\programs\JHUAPLS1R\hori.pro --> harp.antcrc.utas.edu.au /model/crc/mdsumner/programs/JHUAPLS1R hori.pro
101.11.08 09:42 B C:\Program Files\RSI\IDL52\lib\programs\JHUAPLS1R\xcurve.pro --> harp.antcrc.utas.edu.au /model/crc/mdsumner/programs/JHUAPLS1R xcurve.pro
101.11.08 09:42 B C:\Program Files\RSI\IDL52\lib\programs\JHUAPLS1R\imagesize.pro --> harp.antcrc.utas.edu.au /model/crc/mdsumner/programs/JHUAPLS1R imagesize.pro
101.11.08 09:42 B C:\Program Files\RSI\IDL52\lib\programs\JHUAPLS1R\makes.pro --> harp.antcrc.utas.edu.au /model/crc/mdsumner/programs/JHUAPLS1R makes.pro
101.11.08 09:42 B C:\Program Files\RSI\IDL52\lib\programs\JHUAPLS1R\imgfrm.pro --> harp.antcrc.utas.edu.au /model/crc/mdsumner/programs/JHUAPLS1R imgfrm.pro
101.11.08 09:42 B C:\Program Files\RSI\IDL52\lib\programs\JHUAPLS1R\imgopen.pro --> harp.antcrc.utas.edu.au /model/crc/mdsumner/programs/JHUAPLS1R imgopen.pro
101.11.08 09:42 B C:\Program Files\RSI\IDL52\lib\programs\JHUAPLS1R\imgpolrec.pro --> harp.antcrc.utas.edu.au /model/crc/mdsumner/programs/JHUAPLS1R imgpolrec.pro
101.11.08 09:42 B C:\Program Files\RSI\IDL52\lib\programs\JHUAPLS1R\imgread.pro --> harp.antcrc.utas.edu.au /model/crc/mdsumner/programs/JHUAPLS1R imgread.pro
101.11.08 09:42 B C:\Program Files\RSI\IDL52\lib\programs\JHUAPLS1R\imgrecpol.pro --> harp.antcrc.utas.edu.au /model/crc/mdsumner/programs/JHUAPLS1R imgrecpol.pro
101.11.08 09:42 B C:\Program Files\RSI\IDL52\lib\programs\JHUAPLS1R\imgunder.pro --> harp.antcrc.utas.edu.au /model/crc/mdsumner/programs/JHUAPLS1R imgunder.pro
101.11.08 09:42 B C:\Program Files\RSI\IDL52\lib\programs\JHUAPLS1R\inrange.pro --> harp.antcrc.utas.edu.au /model/crc/mdsumner/programs/JHUAPLS1R inrange.pro
101.11.08 09:42 B C:\Program Files\RSI\IDL52\lib\programs\JHUAPLS1R\interp1.pro --> harp.antcrc.utas.edu.au /model/crc/mdsumner/programs/JHUAPLS1R interp1.pro
101.11.08 09:42 B C:\Program Files\RSI\IDL52\lib\programs\JHUAPLS1R\imgneg.pro --> harp.antcrc.utas.edu.au /model/crc/mdsumner/programs/JHUAPLS1R imgneg.pro
101.11.08 09:42 B C:\Program Files\RSI\IDL52\lib\programs\JHUAPLS1R\intersect.pro --> harp.antcrc.utas.edu.au /model/crc/mdsumner/programs/JHUAPLS1R intersect.pro
101.11.08 09:42 B C:\Program Files\RSI\IDL52\lib\programs\JHUAPLS1R\isarray.pro --> harp.antcrc.utas.edu.au /model/crc/mdsumner/programs/JHUAPLS1R isarray.pro
101.11.08 09:42 B C:\Program Files\RSI\IDL52\lib\programs\JHUAPLS1R\isnumber.pro --> harp.antcrc.utas.edu.au /model/crc/mdsumner/programs/JHUAPLS1R isnumber.pro
101.11.08 09:42 B C:\Program Files\RSI\IDL52\lib\programs\JHUAPLS1R\jd2date.pro --> harp.antcrc.utas.edu.au /model/crc/mdsumner/programs/JHUAPLS1R jd2date.pro
101.11.08 09:42 B C:\Program Files\RSI\IDL52\lib\programs\JHUAPLS1R\jd2str.pro --> harp.antcrc.utas.edu.au /model/crc/mdsumner/programs/JHUAPLS1R jd2str.pro
101.11.08 09:42 B C:\Program Files\RSI\IDL52\lib\programs\JHUAPLS1R\jd2ymd.pro --> harp.antcrc.utas.edu.au /model/crc/mdsumner/programs/JHUAPLS1R jd2ymd.pro
101.11.08 09:42 B C:\Program Files\RSI\IDL52\lib\programs\JHUAPLS1R\js2ymds.pro --> harp.antcrc.utas.edu.au /model/crc/mdsumner/programs/JHUAPLS1R js2ymds.pro
101.11.08 09:42 B C:\Program Files\RSI\IDL52\lib\programs\JHUAPLS1R\jscheck.pro --> harp.antcrc.utas.edu.au /model/crc/mdsumner/programs/JHUAPLS1R jscheck.pro
101.11.08 09:42 B C:\Program Files\RSI\IDL52\lib\programs\JHUAPLS1R\kurf.pro --> harp.antcrc.utas.edu.au /model/crc/mdsumner/programs/JHUAPLS1R kurf.pro
101.11.08 09:42 B C:\Program Files\RSI\IDL52\lib\programs\JHUAPLS1R\kurt.pro --> harp.antcrc.utas.edu.au /model/crc/mdsumner/programs/JHUAPLS1R kurt.pro
101.11.08 09:42 B C:\Program Files\RSI\IDL52\lib\programs\JHUAPLS1R\drop_comments.pro --> harp.antcrc.utas.edu.au /model/crc/mdsumner/programs/JHUAPLS1R drop_comments.pro
101.11.08 09:42 B C:\Program Files\RSI\IDL52\lib\programs\JHUAPLS1R\topc.pro --> harp.antcrc.utas.edu.au /model/crc/mdsumner/programs/JHUAPLS1R topc.pro
101.11.08 09:42 B C:\Program Files\RSI\IDL52\lib\programs\JHUAPLS1R\leg.pro --> harp.antcrc.utas.edu.au /model/crc/mdsumner/programs/JHUAPLS1R leg.pro
101.11.08 09:42 B C:\Program Files\RSI\IDL52\lib\programs\JHUAPLS1R\lastindex.pro --> harp.antcrc.utas.edu.au /model/crc/mdsumner/programs/JHUAPLS1R lastindex.pro
101.11.08 09:42 B C:\Program Files\RSI\IDL52\lib\programs\JHUAPLS1R\latexoff.pro --> harp.antcrc.utas.edu.au /model/crc/mdsumner/programs/JHUAPLS1R latexoff.pro
101.11.08 09:42 B C:\Program Files\RSI\IDL52\lib\programs\JHUAPLS1R\latexon.pro --> harp.antcrc.utas.edu.au /model/crc/mdsumner/programs/JHUAPLS1R latexon.pro
101.11.08 09:42 B C:\Program Files\RSI\IDL52\lib\programs\JHUAPLS1R\lecture.pro --> harp.antcrc.utas.edu.au /model/crc/mdsumner/programs/JHUAPLS1R lecture.pro
101.11.08 09:42 B C:\Program Files\RSI\IDL52\lib\programs\JHUAPLS1R\linepts.pro --> harp.antcrc.utas.edu.au /model/crc/mdsumner/programs/JHUAPLS1R linepts.pro
101.11.08 09:42 B C:\Program Files\RSI\IDL52\lib\programs\JHUAPLS1R\linfill.pro --> harp.antcrc.utas.edu.au /model/crc/mdsumner/programs/JHUAPLS1R linfill.pro
101.11.08 09:42 B C:\Program Files\RSI\IDL52\lib\programs\JHUAPLS1R\listruns.pro --> harp.antcrc.utas.edu.au /model/crc/mdsumner/programs/JHUAPLS1R listruns.pro
101.11.08 09:42 B C:\Program Files\RSI\IDL52\lib\programs\JHUAPLS1R\ll2rb.pro --> harp.antcrc.utas.edu.au /model/crc/mdsumner/programs/JHUAPLS1R ll2rb.pro
101.11.08 09:42 B C:\Program Files\RSI\IDL52\lib\programs\JHUAPLS1R\lmst.pro --> harp.antcrc.utas.edu.au /model/crc/mdsumner/programs/JHUAPLS1R lmst.pro
101.11.08 09:42 B C:\Program Files\RSI\IDL52\lib\programs\JHUAPLS1R\locmax.pro --> harp.antcrc.utas.edu.au /model/crc/mdsumner/programs/JHUAPLS1R locmax.pro
101.11.08 09:42 B C:\Program Files\RSI\IDL52\lib\programs\JHUAPLS1R\pack.pro --> harp.antcrc.utas.edu.au /model/crc/mdsumner/programs/JHUAPLS1R pack.pro
101.11.08 09:42 B C:\Program Files\RSI\IDL52\lib\programs\JHUAPLS1R\ls.pro --> harp.antcrc.utas.edu.au /model/crc/mdsumner/programs/JHUAPLS1R ls.pro
101.11.08 09:42 B C:\Program Files\RSI\IDL52\lib\programs\JHUAPLS1R\whelp.pro --> harp.antcrc.utas.edu.au /model/crc/mdsumner/programs/JHUAPLS1R whelp.pro
101.11.08 09:42 B C:\Program Files\RSI\IDL52\lib\programs\JHUAPLS1R\put_scale.pro --> harp.antcrc.utas.edu.au /model/crc/mdsumner/programs/JHUAPLS1R put_scale.pro
101.11.08 09:42 B C:\Program Files\RSI\IDL52\lib\programs\JHUAPLS1R\makei.pro --> harp.antcrc.utas.edu.au /model/crc/mdsumner/programs/JHUAPLS1R makei.pro
101.11.08 09:42 B C:\Program Files\RSI\IDL52\lib\programs\JHUAPLS1R\makelabels.pro --> harp.antcrc.utas.edu.au /model/crc/mdsumner/programs/JHUAPLS1R makelabels.pro
101.11.08 09:42 B C:\Program Files\RSI\IDL52\lib\programs\JHUAPLS1R\maken.pro --> harp.antcrc.utas.edu.au /model/crc/mdsumner/programs/JHUAPLS1R maken.pro
101.11.08 09:42 B C:\Program Files\RSI\IDL52\lib\programs\JHUAPLS1R\makenlog.pro --> harp.antcrc.utas.edu.au /model/crc/mdsumner/programs/JHUAPLS1R makenlog.pro
101.11.08 09:42 B C:\Program Files\RSI\IDL52\lib\programs\JHUAPLS1R\makevlt.pro --> harp.antcrc.utas.edu.au /model/crc/mdsumner/programs/JHUAPLS1R makevlt.pro
101.11.08 09:42 B C:\Program Files\RSI\IDL52\lib\programs\JHUAPLS1R\makex.pro --> harp.antcrc.utas.edu.au /model/crc/mdsumner/programs/JHUAPLS1R makex.pro
101.11.08 09:42 B C:\Program Files\RSI\IDL52\lib\programs\JHUAPLS1R\makexy.pro --> harp.antcrc.utas.edu.au /model/crc/mdsumner/programs/JHUAPLS1R makexy.pro
101.11.08 09:42 B C:\Program Files\RSI\IDL52\lib\programs\JHUAPLS1R\makey.pro --> harp.antcrc.utas.edu.au /model/crc/mdsumner/programs/JHUAPLS1R makey.pro
101.11.08 09:42 B C:\Program Files\RSI\IDL52\lib\programs\JHUAPLS1R\makez.pro --> harp.antcrc.utas.edu.au /model/crc/mdsumner/programs/JHUAPLS1R makez.pro
101.11.08 09:42 B C:\Program Files\RSI\IDL52\lib\programs\JHUAPLS1R\make_ruler.pro --> harp.antcrc.utas.edu.au /model/crc/mdsumner/programs/JHUAPLS1R make_ruler.pro
101.11.08 09:42 B C:\Program Files\RSI\IDL52\lib\programs\JHUAPLS1R\make_scale.pro --> harp.antcrc.utas.edu.au /model/crc/mdsumner/programs/JHUAPLS1R make_scale.pro
101.11.08 09:42 B C:\Program Files\RSI\IDL52\lib\programs\JHUAPLS1R\mandelbrot.pro --> harp.antcrc.utas.edu.au /model/crc/mdsumner/programs/JHUAPLS1R mandelbrot.pro
101.11.08 09:42 B C:\Program Files\RSI\IDL52\lib\programs\JHUAPLS1R\mcompute.pro --> harp.antcrc.utas.edu.au /model/crc/mdsumner/programs/JHUAPLS1R mcompute.pro
101.11.08 09:42 B C:\Program Files\RSI\IDL52\lib\programs\JHUAPLS1R\mean.pro --> harp.antcrc.utas.edu.au /model/crc/mdsumner/programs/JHUAPLS1R mean.pro
101.11.08 09:42 B C:\Program Files\RSI\IDL52\lib\programs\JHUAPLS1R\midv.pro --> harp.antcrc.utas.edu.au /model/crc/mdsumner/programs/JHUAPLS1R midv.pro
101.11.08 09:42 B C:\Program Files\RSI\IDL52\lib\programs\JHUAPLS1R\monthdays.pro --> harp.antcrc.utas.edu.au /model/crc/mdsumner/programs/JHUAPLS1R monthdays.pro
101.11.08 09:42 B C:\Program Files\RSI\IDL52\lib\programs\JHUAPLS1R\monthnames.pro --> harp.antcrc.utas.edu.au /model/crc/mdsumner/programs/JHUAPLS1R monthnames.pro
101.11.08 09:42 B C:\Program Files\RSI\IDL52\lib\programs\JHUAPLS1R\more.pro --> harp.antcrc.utas.edu.au /model/crc/mdsumner/programs/JHUAPLS1R more.pro
101.11.08 09:42 B C:\Program Files\RSI\IDL52\lib\programs\JHUAPLS1R\morefile.pro --> harp.antcrc.utas.edu.au /model/crc/mdsumner/programs/JHUAPLS1R morefile.pro
101.11.08 09:42 B C:\Program Files\RSI\IDL52\lib\programs\JHUAPLS1R\rspec.pro --> harp.antcrc.utas.edu.au /model/crc/mdsumner/programs/JHUAPLS1R rspec.pro
101.11.08 09:42 B C:\Program Files\RSI\IDL52\lib\programs\JHUAPLS1R\movbox.pro --> harp.antcrc.utas.edu.au /model/crc/mdsumner/programs/JHUAPLS1R movbox.pro
101.11.08 09:42 B C:\Program Files\RSI\IDL52\lib\programs\JHUAPLS1R\movcross.pro --> harp.antcrc.utas.edu.au /model/crc/mdsumner/programs/JHUAPLS1R movcross.pro
101.11.08 09:42 B C:\Program Files\RSI\IDL52\lib\programs\JHUAPLS1R\move.pro --> harp.antcrc.utas.edu.au /model/crc/mdsumner/programs/JHUAPLS1R move.pro
101.11.08 09:42 B C:\Program Files\RSI\IDL52\lib\programs\JHUAPLS1R\multicol.pro --> harp.antcrc.utas.edu.au /model/crc/mdsumner/programs/JHUAPLS1R multicol.pro
101.11.08 09:42 B C:\Program Files\RSI\IDL52\lib\programs\JHUAPLS1R\mzoom.pro --> harp.antcrc.utas.edu.au /model/crc/mdsumner/programs/JHUAPLS1R mzoom.pro
101.11.08 09:42 B C:\Program Files\RSI\IDL52\lib\programs\JHUAPLS1R\namenum.pro --> harp.antcrc.utas.edu.au /model/crc/mdsumner/programs/JHUAPLS1R namenum.pro
101.11.08 09:42 B C:\Program Files\RSI\IDL52\lib\programs\JHUAPLS1R\naxes.pro --> harp.antcrc.utas.edu.au /model/crc/mdsumner/programs/JHUAPLS1R naxes.pro
101.11.08 09:42 B C:\Program Files\RSI\IDL52\lib\programs\JHUAPLS1R\nearest.pro --> harp.antcrc.utas.edu.au /model/crc/mdsumner/programs/JHUAPLS1R nearest.pro
101.11.08 09:42 B C:\Program Files\RSI\IDL52\lib\programs\JHUAPLS1R\nextitem.pro --> harp.antcrc.utas.edu.au /model/crc/mdsumner/programs/JHUAPLS1R nextitem.pro
101.11.08 09:42 B C:\Program Files\RSI\IDL52\lib\programs\JHUAPLS1R\nextnum.pro --> harp.antcrc.utas.edu.au /model/crc/mdsumner/programs/JHUAPLS1R nextnum.pro
101.11.08 09:42 B C:\Program Files\RSI\IDL52\lib\programs\JHUAPLS1R\nextplot.pro --> harp.antcrc.utas.edu.au /model/crc/mdsumner/programs/JHUAPLS1R nextplot.pro
101.11.08 09:42 B C:\Program Files\RSI\IDL52\lib\programs\JHUAPLS1R\nicenumber.pro --> harp.antcrc.utas.edu.au /model/crc/mdsumner/programs/JHUAPLS1R nicenumber.pro
101.11.08 09:42 B C:\Program Files\RSI\IDL52\lib\programs\JHUAPLS1R\nruns.pro --> harp.antcrc.utas.edu.au /model/crc/mdsumner/programs/JHUAPLS1R nruns.pro
101.11.08 09:42 B C:\Program Files\RSI\IDL52\lib\programs\JHUAPLS1R\nthweekday.pro --> harp.antcrc.utas.edu.au /model/crc/mdsumner/programs/JHUAPLS1R nthweekday.pro
101.11.08 09:42 B C:\Program Files\RSI\IDL52\lib\programs\JHUAPLS1R\numfactors.pro --> harp.antcrc.utas.edu.au /model/crc/mdsumner/programs/JHUAPLS1R numfactors.pro
101.11.08 09:42 B C:\Program Files\RSI\IDL52\lib\programs\JHUAPLS1R\numname.pro --> harp.antcrc.utas.edu.au /model/crc/mdsumner/programs/JHUAPLS1R numname.pro
101.11.08 09:42 B C:\Program Files\RSI\IDL52\lib\programs\JHUAPLS1R\num_dec.pro --> harp.antcrc.utas.edu.au /model/crc/mdsumner/programs/JHUAPLS1R num_dec.pro
101.11.08 09:42 B C:\Program Files\RSI\IDL52\lib\programs\JHUAPLS1R\nwrds.pro --> harp.antcrc.utas.edu.au /model/crc/mdsumner/programs/JHUAPLS1R nwrds.pro
101.11.08 09:42 B C:\Program Files\RSI\IDL52\lib\programs\JHUAPLS1R\one2two.pro --> harp.antcrc.utas.edu.au /model/crc/mdsumner/programs/JHUAPLS1R one2two.pro
101.11.08 09:42 B C:\Program Files\RSI\IDL52\lib\programs\JHUAPLS1R\opfit1d.pro --> harp.antcrc.utas.edu.au /model/crc/mdsumner/programs/JHUAPLS1R opfit1d.pro
101.11.08 09:42 B C:\Program Files\RSI\IDL52\lib\programs\JHUAPLS1R\opfit2d.pro --> harp.antcrc.utas.edu.au /model/crc/mdsumner/programs/JHUAPLS1R opfit2d.pro
101.11.08 09:42 B C:\Program Files\RSI\IDL52\lib\programs\JHUAPLS1R\orthopoly.pro --> harp.antcrc.utas.edu.au /model/crc/mdsumner/programs/JHUAPLS1R orthopoly.pro
101.11.08 09:42 B C:\Program Files\RSI\IDL52\lib\programs\JHUAPLS1R\jdselect.pro --> harp.antcrc.utas.edu.au /model/crc/mdsumner/programs/JHUAPLS1R jdselect.pro
101.11.08 09:42 B C:\Program Files\RSI\IDL52\lib\programs\JHUAPLS1R\parcurve.pro --> harp.antcrc.utas.edu.au /model/crc/mdsumner/programs/JHUAPLS1R parcurve.pro
101.11.08 09:42 B C:\Program Files\RSI\IDL52\lib\programs\JHUAPLS1R\path.pro --> harp.antcrc.utas.edu.au /model/crc/mdsumner/programs/JHUAPLS1R path.pro
101.11.08 09:42 B C:\Program Files\RSI\IDL52\lib\programs\JHUAPLS1R\pckey.pro --> harp.antcrc.utas.edu.au /model/crc/mdsumner/programs/JHUAPLS1R pckey.pro
101.11.08 09:42 B C:\Program Files\RSI\IDL52\lib\programs\JHUAPLS1R\phase.pro --> harp.antcrc.utas.edu.au /model/crc/mdsumner/programs/JHUAPLS1R phase.pro
101.11.08 09:42 B C:\Program Files\RSI\IDL52\lib\programs\JHUAPLS1R\pk.pro --> harp.antcrc.utas.edu.au /model/crc/mdsumner/programs/JHUAPLS1R pk.pro
101.11.08 09:42 B C:\Program Files\RSI\IDL52\lib\programs\JHUAPLS1R\plane_int.pro --> harp.antcrc.utas.edu.au /model/crc/mdsumner/programs/JHUAPLS1R plane_int.pro
101.11.08 09:42 B C:\Program Files\RSI\IDL52\lib\programs\JHUAPLS1R\plint.pro --> harp.antcrc.utas.edu.au /model/crc/mdsumner/programs/JHUAPLS1R plint.pro
101.11.08 09:42 B C:\Program Files\RSI\IDL52\lib\programs\JHUAPLS1R\plotp.pro --> harp.antcrc.utas.edu.au /model/crc/mdsumner/programs/JHUAPLS1R plotp.pro
101.11.08 09:42 B C:\Program Files\RSI\IDL52\lib\programs\JHUAPLS1R\plotseq.pro --> harp.antcrc.utas.edu.au /model/crc/mdsumner/programs/JHUAPLS1R plotseq.pro
101.11.08 09:42 B C:\Program Files\RSI\IDL52\lib\programs\JHUAPLS1R\plotwin.pro --> harp.antcrc.utas.edu.au /model/crc/mdsumner/programs/JHUAPLS1R plotwin.pro
101.11.08 09:42 B C:\Program Files\RSI\IDL52\lib\programs\JHUAPLS1R\polrec.pro --> harp.antcrc.utas.edu.au /model/crc/mdsumner/programs/JHUAPLS1R polrec.pro
101.11.08 09:42 B C:\Program Files\RSI\IDL52\lib\programs\JHUAPLS1R\polrec3d.pro --> harp.antcrc.utas.edu.au /model/crc/mdsumner/programs/JHUAPLS1R polrec3d.pro
101.11.08 09:42 B C:\Program Files\RSI\IDL52\lib\programs\JHUAPLS1R\polystat.pro --> harp.antcrc.utas.edu.au /model/crc/mdsumner/programs/JHUAPLS1R polystat.pro
101.11.08 09:42 B C:\Program Files\RSI\IDL52\lib\programs\JHUAPLS1R\poly_fit2.pro --> harp.antcrc.utas.edu.au /model/crc/mdsumner/programs/JHUAPLS1R poly_fit2.pro
101.11.08 09:42 B C:\Program Files\RSI\IDL52\lib\programs\JHUAPLS1R\pos_cm.pro --> harp.antcrc.utas.edu.au /model/crc/mdsumner/programs/JHUAPLS1R pos_cm.pro
101.11.08 09:42 B C:\Program Files\RSI\IDL52\lib\programs\JHUAPLS1R\precess.pro --> harp.antcrc.utas.edu.au /model/crc/mdsumner/programs/JHUAPLS1R precess.pro
101.11.08 09:42 B C:\Program Files\RSI\IDL52\lib\programs\JHUAPLS1R\prime.pro --> harp.antcrc.utas.edu.au /model/crc/mdsumner/programs/JHUAPLS1R prime.pro
101.11.08 09:42 B C:\Program Files\RSI\IDL52\lib\programs\JHUAPLS1R\printat.pro --> harp.antcrc.utas.edu.au /model/crc/mdsumner/programs/JHUAPLS1R printat.pro
101.11.08 09:42 B C:\Program Files\RSI\IDL52\lib\programs\JHUAPLS1R\print_fact.pro --> harp.antcrc.utas.edu.au /model/crc/mdsumner/programs/JHUAPLS1R print_fact.pro
101.11.08 09:42 B C:\Program Files\RSI\IDL52\lib\programs\JHUAPLS1R\psimg.pro --> harp.antcrc.utas.edu.au /model/crc/mdsumner/programs/JHUAPLS1R psimg.pro
101.11.08 09:42 B C:\Program Files\RSI\IDL52\lib\programs\JHUAPLS1R\psinit.pro --> harp.antcrc.utas.edu.au /model/crc/mdsumner/programs/JHUAPLS1R psinit.pro
101.11.08 09:42 B C:\Program Files\RSI\IDL52\lib\programs\JHUAPLS1R\pspaper.pro --> harp.antcrc.utas.edu.au /model/crc/mdsumner/programs/JHUAPLS1R pspaper.pro
101.11.08 09:42 B C:\Program Files\RSI\IDL52\lib\programs\JHUAPLS1R\psterm.pro --> harp.antcrc.utas.edu.au /model/crc/mdsumner/programs/JHUAPLS1R psterm.pro
101.11.08 09:42 B C:\Program Files\RSI\IDL52\lib\programs\JHUAPLS1R\putfile.pro --> harp.antcrc.utas.edu.au /model/crc/mdsumner/programs/JHUAPLS1R putfile.pro
101.11.08 09:42 B C:\Program Files\RSI\IDL52\lib\programs\JHUAPLS1R\radial_img.pro --> harp.antcrc.utas.edu.au /model/crc/mdsumner/programs/JHUAPLS1R radial_img.pro
101.11.08 09:42 B C:\Program Files\RSI\IDL52\lib\programs\JHUAPLS1R\radii.pro --> harp.antcrc.utas.edu.au /model/crc/mdsumner/programs/JHUAPLS1R radii.pro
101.11.08 09:42 B C:\Program Files\RSI\IDL52\lib\programs\JHUAPLS1R\radon.pro --> harp.antcrc.utas.edu.au /model/crc/mdsumner/programs/JHUAPLS1R radon.pro
101.11.08 09:42 B C:\Program Files\RSI\IDL52\lib\programs\JHUAPLS1R\raout.pro --> harp.antcrc.utas.edu.au /model/crc/mdsumner/programs/JHUAPLS1R raout.pro
101.11.08 09:42 B C:\Program Files\RSI\IDL52\lib\programs\JHUAPLS1R\rb2ll.pro --> harp.antcrc.utas.edu.au /model/crc/mdsumner/programs/JHUAPLS1R rb2ll.pro
101.11.08 09:42 B C:\Program Files\RSI\IDL52\lib\programs\JHUAPLS1R\rdcol.pro --> harp.antcrc.utas.edu.au /model/crc/mdsumner/programs/JHUAPLS1R rdcol.pro
101.11.08 09:42 B C:\Program Files\RSI\IDL52\lib\programs\JHUAPLS1R\rdfile.pro --> harp.antcrc.utas.edu.au /model/crc/mdsumner/programs/JHUAPLS1R rdfile.pro
101.11.08 09:42 B C:\Program Files\RSI\IDL52\lib\programs\JHUAPLS1R\readtokey.pro --> harp.antcrc.utas.edu.au /model/crc/mdsumner/programs/JHUAPLS1R readtokey.pro
101.11.08 09:42 B C:\Program Files\RSI\IDL52\lib\programs\JHUAPLS1R\swap.pro --> harp.antcrc.utas.edu.au /model/crc/mdsumner/programs/JHUAPLS1R swap.pro
101.11.08 09:42 B C:\Program Files\RSI\IDL52\lib\programs\JHUAPLS1R\recpol.pro --> harp.antcrc.utas.edu.au /model/crc/mdsumner/programs/JHUAPLS1R recpol.pro
101.11.08 09:42 B C:\Program Files\RSI\IDL52\lib\programs\JHUAPLS1R\recpol3d.pro --> harp.antcrc.utas.edu.au /model/crc/mdsumner/programs/JHUAPLS1R recpol3d.pro
101.11.08 09:42 B C:\Program Files\RSI\IDL52\lib\programs\JHUAPLS1R\tiffscreen.pro --> harp.antcrc.utas.edu.au /model/crc/mdsumner/programs/JHUAPLS1R tiffscreen.pro
101.11.08 09:42 B C:\Program Files\RSI\IDL52\lib\programs\JHUAPLS1R\regions.pro --> harp.antcrc.utas.edu.au /model/crc/mdsumner/programs/JHUAPLS1R regions.pro
101.11.08 09:42 B C:\Program Files\RSI\IDL52\lib\programs\JHUAPLS1R\regionsbar.pro --> harp.antcrc.utas.edu.au /model/crc/mdsumner/programs/JHUAPLS1R regionsbar.pro
101.11.08 09:42 B C:\Program Files\RSI\IDL52\lib\programs\JHUAPLS1R\repchr.pro --> harp.antcrc.utas.edu.au /model/crc/mdsumner/programs/JHUAPLS1R repchr.pro
101.11.08 09:42 B C:\Program Files\RSI\IDL52\lib\programs\JHUAPLS1R\repword.pro --> harp.antcrc.utas.edu.au /model/crc/mdsumner/programs/JHUAPLS1R repword.pro
101.11.08 09:42 B C:\Program Files\RSI\IDL52\lib\programs\JHUAPLS1R\resclose.pro --> harp.antcrc.utas.edu.au /model/crc/mdsumner/programs/JHUAPLS1R resclose.pro
101.11.08 09:42 B C:\Program Files\RSI\IDL52\lib\programs\JHUAPLS1R\rescom.pro --> harp.antcrc.utas.edu.au /model/crc/mdsumner/programs/JHUAPLS1R rescom.pro
101.11.08 09:42 B C:\Program Files\RSI\IDL52\lib\programs\JHUAPLS1R\resget.pro --> harp.antcrc.utas.edu.au /model/crc/mdsumner/programs/JHUAPLS1R resget.pro
101.11.08 09:42 B C:\Program Files\RSI\IDL52\lib\programs\JHUAPLS1R\resopen.pro --> harp.antcrc.utas.edu.au /model/crc/mdsumner/programs/JHUAPLS1R resopen.pro
101.11.08 09:42 B C:\Program Files\RSI\IDL52\lib\programs\JHUAPLS1R\resput.pro --> harp.antcrc.utas.edu.au /model/crc/mdsumner/programs/JHUAPLS1R resput.pro
101.11.08 09:42 B C:\Program Files\RSI\IDL52\lib\programs\JHUAPLS1R\rev.pro --> harp.antcrc.utas.edu.au /model/crc/mdsumner/programs/JHUAPLS1R rev.pro
101.11.08 09:42 B C:\Program Files\RSI\IDL52\lib\programs\JHUAPLS1R\restore2.pro --> harp.antcrc.utas.edu.au /model/crc/mdsumner/programs/JHUAPLS1R restore2.pro
101.11.08 09:42 B C:\Program Files\RSI\IDL52\lib\programs\JHUAPLS1R\makev.pro --> harp.antcrc.utas.edu.au /model/crc/mdsumner/programs/JHUAPLS1R makev.pro
101.11.08 09:42 B C:\Program Files\RSI\IDL52\lib\programs\JHUAPLS1R\rotate_xy.pro --> harp.antcrc.utas.edu.au /model/crc/mdsumner/programs/JHUAPLS1R rotate_xy.pro
101.11.08 09:42 B C:\Program Files\RSI\IDL52\lib\programs\JHUAPLS1R\rotvlt.pro --> harp.antcrc.utas.edu.au /model/crc/mdsumner/programs/JHUAPLS1R rotvlt.pro
101.11.08 09:42 B C:\Program Files\RSI\IDL52\lib\programs\JHUAPLS1R\rot_3d.pro --> harp.antcrc.utas.edu.au /model/crc/mdsumner/programs/JHUAPLS1R rot_3d.pro
101.11.08 09:42 B C:\Program Files\RSI\IDL52\lib\programs\JHUAPLS1R\swindow.pro --> harp.antcrc.utas.edu.au /model/crc/mdsumner/programs/JHUAPLS1R swindow.pro
101.11.08 09:42 B C:\Program Files\RSI\IDL52\lib\programs\JHUAPLS1R\rtics.pro --> harp.antcrc.utas.edu.au /model/crc/mdsumner/programs/JHUAPLS1R rtics.pro
101.11.08 09:42 B C:\Program Files\RSI\IDL52\lib\programs\JHUAPLS1R\runlength.pro --> harp.antcrc.utas.edu.au /model/crc/mdsumner/programs/JHUAPLS1R runlength.pro
101.11.08 09:42 B C:\Program Files\RSI\IDL52\lib\programs\JHUAPLS1R\save2.pro --> harp.antcrc.utas.edu.au /model/crc/mdsumner/programs/JHUAPLS1R save2.pro
101.11.08 09:42 B C:\Program Files\RSI\IDL52\lib\programs\JHUAPLS1R\scalearray.pro --> harp.antcrc.utas.edu.au /model/crc/mdsumner/programs/JHUAPLS1R scalearray.pro
101.11.08 09:42 B C:\Program Files\RSI\IDL52\lib\programs\JHUAPLS1R\scale_db.pro --> harp.antcrc.utas.edu.au /model/crc/mdsumner/programs/JHUAPLS1R scale_db.pro
101.11.08 09:42 B C:\Program Files\RSI\IDL52\lib\programs\JHUAPLS1R\screen.pro --> harp.antcrc.utas.edu.au /model/crc/mdsumner/programs/JHUAPLS1R screen.pro
101.11.08 09:42 B C:\Program Files\RSI\IDL52\lib\programs\JHUAPLS1R\sdev.pro --> harp.antcrc.utas.edu.au /model/crc/mdsumner/programs/JHUAPLS1R sdev.pro
101.11.08 09:42 B C:\Program Files\RSI\IDL52\lib\programs\JHUAPLS1R\sechms.pro --> harp.antcrc.utas.edu.au /model/crc/mdsumner/programs/JHUAPLS1R sechms.pro
101.11.08 09:42 B C:\Program Files\RSI\IDL52\lib\programs\JHUAPLS1R\secstr.pro --> harp.antcrc.utas.edu.au /model/crc/mdsumner/programs/JHUAPLS1R secstr.pro
101.11.08 09:42 B C:\Program Files\RSI\IDL52\lib\programs\JHUAPLS1R\segment.pro --> harp.antcrc.utas.edu.au /model/crc/mdsumner/programs/JHUAPLS1R segment.pro
101.11.08 09:42 B C:\Program Files\RSI\IDL52\lib\programs\JHUAPLS1R\setminus.pro --> harp.antcrc.utas.edu.au /model/crc/mdsumner/programs/JHUAPLS1R setminus.pro
101.11.08 09:42 B C:\Program Files\RSI\IDL52\lib\programs\JHUAPLS1R\spc.pro --> harp.antcrc.utas.edu.au /model/crc/mdsumner/programs/JHUAPLS1R spc.pro
101.11.08 09:42 B C:\Program Files\RSI\IDL52\lib\programs\JHUAPLS1R\set_isoxy.pro --> harp.antcrc.utas.edu.au /model/crc/mdsumner/programs/JHUAPLS1R set_isoxy.pro
101.11.08 09:42 B C:\Program Files\RSI\IDL52\lib\programs\JHUAPLS1R\set_window.pro --> harp.antcrc.utas.edu.au /model/crc/mdsumner/programs/JHUAPLS1R set_window.pro
101.11.08 09:42 B C:\Program Files\RSI\IDL52\lib\programs\JHUAPLS1R\shade_clt.pro --> harp.antcrc.utas.edu.au /model/crc/mdsumner/programs/JHUAPLS1R shade_clt.pro
101.11.08 09:42 B C:\Program Files\RSI\IDL52\lib\programs\JHUAPLS1R\show_box.pro --> harp.antcrc.utas.edu.au /model/crc/mdsumner/programs/JHUAPLS1R show_box.pro
101.11.08 09:42 B C:\Program Files\RSI\IDL52\lib\programs\JHUAPLS1R\sign.pro --> harp.antcrc.utas.edu.au /model/crc/mdsumner/programs/JHUAPLS1R sign.pro
101.11.08 09:42 B C:\Program Files\RSI\IDL52\lib\programs\JHUAPLS1R\simp.pro --> harp.antcrc.utas.edu.au /model/crc/mdsumner/programs/JHUAPLS1R simp.pro
101.11.08 09:42 B C:\Program Files\RSI\IDL52\lib\programs\JHUAPLS1R\skew.pro --> harp.antcrc.utas.edu.au /model/crc/mdsumner/programs/JHUAPLS1R skew.pro
101.11.08 09:42 B C:\Program Files\RSI\IDL52\lib\programs\JHUAPLS1R\skewf.pro --> harp.antcrc.utas.edu.au /model/crc/mdsumner/programs/JHUAPLS1R skewf.pro
101.11.08 09:42 B C:\Program Files\RSI\IDL52\lib\programs\JHUAPLS1R\skewint.pro --> harp.antcrc.utas.edu.au /model/crc/mdsumner/programs/JHUAPLS1R skewint.pro
101.11.08 09:42 B C:\Program Files\RSI\IDL52\lib\programs\JHUAPLS1R\slowplot.pro --> harp.antcrc.utas.edu.au /model/crc/mdsumner/programs/JHUAPLS1R slowplot.pro
101.11.08 09:42 B C:\Program Files\RSI\IDL52\lib\programs\JHUAPLS1R\smooth2.pro --> harp.antcrc.utas.edu.au /model/crc/mdsumner/programs/JHUAPLS1R smooth2.pro
101.11.08 09:42 B C:\Program Files\RSI\IDL52\lib\programs\JHUAPLS1R\sphdist.pro --> harp.antcrc.utas.edu.au /model/crc/mdsumner/programs/JHUAPLS1R sphdist.pro
101.11.08 09:42 B C:\Program Files\RSI\IDL52\lib\programs\JHUAPLS1R\sphic.pro --> harp.antcrc.utas.edu.au /model/crc/mdsumner/programs/JHUAPLS1R sphic.pro
101.11.08 09:42 B C:\Program Files\RSI\IDL52\lib\programs\JHUAPLS1R\sphinit.pro --> harp.antcrc.utas.edu.au /model/crc/mdsumner/programs/JHUAPLS1R sphinit.pro
101.11.08 09:42 B C:\Program Files\RSI\IDL52\lib\programs\JHUAPLS1R\sphlat.pro --> harp.antcrc.utas.edu.au /model/crc/mdsumner/programs/JHUAPLS1R sphlat.pro
101.11.08 09:42 B C:\Program Files\RSI\IDL52\lib\programs\JHUAPLS1R\sphlng.pro --> harp.antcrc.utas.edu.au /model/crc/mdsumner/programs/JHUAPLS1R sphlng.pro
101.11.08 09:42 B C:\Program Files\RSI\IDL52\lib\programs\JHUAPLS1R\sphplot.pro --> harp.antcrc.utas.edu.au /model/crc/mdsumner/programs/JHUAPLS1R sphplot.pro
101.11.08 09:42 B C:\Program Files\RSI\IDL52\lib\programs\JHUAPLS1R\sphrad.pro --> harp.antcrc.utas.edu.au /model/crc/mdsumner/programs/JHUAPLS1R sphrad.pro
101.11.08 09:42 B C:\Program Files\RSI\IDL52\lib\programs\JHUAPLS1R\sphtext.pro --> harp.antcrc.utas.edu.au /model/crc/mdsumner/programs/JHUAPLS1R sphtext.pro
101.11.08 09:42 B C:\Program Files\RSI\IDL52\lib\programs\JHUAPLS1R\sph_demo.pro --> harp.antcrc.utas.edu.au /model/crc/mdsumner/programs/JHUAPLS1R sph_demo.pro
101.11.08 09:42 B C:\Program Files\RSI\IDL52\lib\programs\JHUAPLS1R\splat.pro --> harp.antcrc.utas.edu.au /model/crc/mdsumner/programs/JHUAPLS1R splat.pro
101.11.08 09:42 B C:\Program Files\RSI\IDL52\lib\programs\JHUAPLS1R\sprint.pro --> harp.antcrc.utas.edu.au /model/crc/mdsumner/programs/JHUAPLS1R sprint.pro
101.11.08 09:42 B C:\Program Files\RSI\IDL52\lib\programs\JHUAPLS1R\inbox.pro --> harp.antcrc.utas.edu.au /model/crc/mdsumner/programs/JHUAPLS1R inbox.pro
101.11.08 09:42 B C:\Program Files\RSI\IDL52\lib\programs\JHUAPLS1R\stext_xyp.pro --> harp.antcrc.utas.edu.au /model/crc/mdsumner/programs/JHUAPLS1R stext_xyp.pro
101.11.08 09:42 B C:\Program Files\RSI\IDL52\lib\programs\JHUAPLS1R\strep.pro --> harp.antcrc.utas.edu.au /model/crc/mdsumner/programs/JHUAPLS1R strep.pro
101.11.08 09:42 B C:\Program Files\RSI\IDL52\lib\programs\JHUAPLS1R\ellfit.pro --> harp.antcrc.utas.edu.au /model/crc/mdsumner/programs/JHUAPLS1R ellfit.pro
101.11.08 09:42 B C:\Program Files\RSI\IDL52\lib\programs\JHUAPLS1R\stripshift.pro --> harp.antcrc.utas.edu.au /model/crc/mdsumner/programs/JHUAPLS1R stripshift.pro
101.11.08 09:42 B C:\Program Files\RSI\IDL52\lib\programs\JHUAPLS1R\strlentab.pro --> harp.antcrc.utas.edu.au /model/crc/mdsumner/programs/JHUAPLS1R strlentab.pro
101.11.08 09:42 B C:\Program Files\RSI\IDL52\lib\programs\JHUAPLS1R\strsec.pro --> harp.antcrc.utas.edu.au /model/crc/mdsumner/programs/JHUAPLS1R strsec.pro
101.11.08 09:42 B C:\Program Files\RSI\IDL52\lib\programs\JHUAPLS1R\strsub.pro --> harp.antcrc.utas.edu.au /model/crc/mdsumner/programs/JHUAPLS1R strsub.pro
101.11.08 09:42 B C:\Program Files\RSI\IDL52\lib\programs\JHUAPLS1R\strtrm2.pro --> harp.antcrc.utas.edu.au /model/crc/mdsumner/programs/JHUAPLS1R strtrm2.pro
101.11.08 09:42 B C:\Program Files\RSI\IDL52\lib\programs\JHUAPLS1R\subnormal.pro --> harp.antcrc.utas.edu.au /model/crc/mdsumner/programs/JHUAPLS1R subnormal.pro
101.11.08 09:42 B C:\Program Files\RSI\IDL52\lib\programs\JHUAPLS1R\sun.pro --> harp.antcrc.utas.edu.au /model/crc/mdsumner/programs/JHUAPLS1R sun.pro
101.11.08 09:42 B C:\Program Files\RSI\IDL52\lib\programs\JHUAPLS1R\sun_shade.pro --> harp.antcrc.utas.edu.au /model/crc/mdsumner/programs/JHUAPLS1R sun_shade.pro
101.11.08 09:42 B C:\Program Files\RSI\IDL52\lib\programs\JHUAPLS1R\testcolor.pro --> harp.antcrc.utas.edu.au /model/crc/mdsumner/programs/JHUAPLS1R testcolor.pro
101.11.08 09:42 B C:\Program Files\RSI\IDL52\lib\programs\JHUAPLS1R\tetris.pro --> harp.antcrc.utas.edu.au /model/crc/mdsumner/programs/JHUAPLS1R tetris.pro
101.11.08 09:42 B C:\Program Files\RSI\IDL52\lib\programs\JHUAPLS1R\swdelete.pro --> harp.antcrc.utas.edu.au /model/crc/mdsumner/programs/JHUAPLS1R swdelete.pro
101.11.08 09:42 B C:\Program Files\RSI\IDL52\lib\programs\JHUAPLS1R\best_fft.pro --> harp.antcrc.utas.edu.au /model/crc/mdsumner/programs/JHUAPLS1R best_fft.pro
101.11.08 09:42 B C:\Program Files\RSI\IDL52\lib\programs\JHUAPLS1R\nwin.pro --> harp.antcrc.utas.edu.au /model/crc/mdsumner/programs/JHUAPLS1R nwin.pro
101.11.08 09:42 B C:\Program Files\RSI\IDL52\lib\programs\JHUAPLS1R\swlist.pro --> harp.antcrc.utas.edu.au /model/crc/mdsumner/programs/JHUAPLS1R swlist.pro
101.11.08 09:42 B C:\Program Files\RSI\IDL52\lib\programs\JHUAPLS1R\time2jdoff.pro --> harp.antcrc.utas.edu.au /model/crc/mdsumner/programs/JHUAPLS1R time2jdoff.pro
101.11.08 09:42 B C:\Program Files\RSI\IDL52\lib\programs\JHUAPLS1R\interpx.pro --> harp.antcrc.utas.edu.au /model/crc/mdsumner/programs/JHUAPLS1R interpx.pro
101.11.08 09:42 B C:\Program Files\RSI\IDL52\lib\programs\JHUAPLS1R\interpx_demo.pro --> harp.antcrc.utas.edu.au /model/crc/mdsumner/programs/JHUAPLS1R interpx_demo.pro
101.11.08 09:42 B C:\Program Files\RSI\IDL52\lib\programs\JHUAPLS1R\timeaxis.pro --> harp.antcrc.utas.edu.au /model/crc/mdsumner/programs/JHUAPLS1R timeaxis.pro
101.11.08 09:42 B C:\Program Files\RSI\IDL52\lib\programs\JHUAPLS1R\timer.pro --> harp.antcrc.utas.edu.au /model/crc/mdsumner/programs/JHUAPLS1R timer.pro
101.11.08 09:42 B C:\Program Files\RSI\IDL52\lib\programs\JHUAPLS1R\tnaxes.pro --> harp.antcrc.utas.edu.au /model/crc/mdsumner/programs/JHUAPLS1R tnaxes.pro
101.11.08 09:42 B C:\Program Files\RSI\IDL52\lib\programs\JHUAPLS1R\time_label.pro --> harp.antcrc.utas.edu.au /model/crc/mdsumner/programs/JHUAPLS1R time_label.pro
101.11.08 09:42 B C:\Program Files\RSI\IDL52\lib\programs\JHUAPLS1R\todev.pro --> harp.antcrc.utas.edu.au /model/crc/mdsumner/programs/JHUAPLS1R todev.pro
101.11.08 09:42 B C:\Program Files\RSI\IDL52\lib\programs\JHUAPLS1R\topo.pro --> harp.antcrc.utas.edu.au /model/crc/mdsumner/programs/JHUAPLS1R topo.pro
101.11.08 09:42 B C:\Program Files\RSI\IDL52\lib\programs\JHUAPLS1R\translate.pro --> harp.antcrc.utas.edu.au /model/crc/mdsumner/programs/JHUAPLS1R translate.pro
101.11.08 09:42 B C:\Program Files\RSI\IDL52\lib\programs\JHUAPLS1R\tvbox.pro --> harp.antcrc.utas.edu.au /model/crc/mdsumner/programs/JHUAPLS1R tvbox.pro
101.11.08 09:42 B C:\Program Files\RSI\IDL52\lib\programs\JHUAPLS1R\tvcirc.pro --> harp.antcrc.utas.edu.au /model/crc/mdsumner/programs/JHUAPLS1R tvcirc.pro
101.11.08 09:42 B C:\Program Files\RSI\IDL52\lib\programs\JHUAPLS1R\tvpos.pro --> harp.antcrc.utas.edu.au /model/crc/mdsumner/programs/JHUAPLS1R tvpos.pro
101.11.08 09:42 B C:\Program Files\RSI\IDL52\lib\programs\JHUAPLS1R\tvrd2.pro --> harp.antcrc.utas.edu.au /model/crc/mdsumner/programs/JHUAPLS1R tvrd2.pro
101.11.08 09:42 B C:\Program Files\RSI\IDL52\lib\programs\JHUAPLS1R\tvrdbox.pro --> harp.antcrc.utas.edu.au /model/crc/mdsumner/programs/JHUAPLS1R tvrdbox.pro
101.11.08 09:42 B C:\Program Files\RSI\IDL52\lib\programs\JHUAPLS1R\tvwrbox.pro --> harp.antcrc.utas.edu.au /model/crc/mdsumner/programs/JHUAPLS1R tvwrbox.pro
101.11.08 09:42 B C:\Program Files\RSI\IDL52\lib\programs\JHUAPLS1R\two2one.pro --> harp.antcrc.utas.edu.au /model/crc/mdsumner/programs/JHUAPLS1R two2one.pro
101.11.08 09:42 B C:\Program Files\RSI\IDL52\lib\programs\JHUAPLS1R\txtdemo.pro --> harp.antcrc.utas.edu.au /model/crc/mdsumner/programs/JHUAPLS1R txtdemo.pro
101.11.08 09:42 B C:\Program Files\RSI\IDL52\lib\programs\JHUAPLS1R\txtfile.pro --> harp.antcrc.utas.edu.au /model/crc/mdsumner/programs/JHUAPLS1R txtfile.pro
101.11.08 09:42 B C:\Program Files\RSI\IDL52\lib\programs\JHUAPLS1R\txtgetfile.pro --> harp.antcrc.utas.edu.au /model/crc/mdsumner/programs/JHUAPLS1R txtgetfile.pro
101.11.08 09:42 B C:\Program Files\RSI\IDL52\lib\programs\JHUAPLS1R\txtin.pro --> harp.antcrc.utas.edu.au /model/crc/mdsumner/programs/JHUAPLS1R txtin.pro
101.11.08 09:43 B C:\Program Files\RSI\IDL52\lib\programs\JHUAPLS1R\txtmenu.pro --> harp.antcrc.utas.edu.au /model/crc/mdsumner/programs/JHUAPLS1R txtmenu.pro
101.11.08 09:43 B C:\Program Files\RSI\IDL52\lib\programs\JHUAPLS1R\txtmenu_help.pro --> harp.antcrc.utas.edu.au /model/crc/mdsumner/programs/JHUAPLS1R txtmenu_help.pro
101.11.08 09:43 B C:\Program Files\RSI\IDL52\lib\programs\JHUAPLS1R\txtmess.pro --> harp.antcrc.utas.edu.au /model/crc/mdsumner/programs/JHUAPLS1R txtmess.pro
101.11.08 09:43 B C:\Program Files\RSI\IDL52\lib\programs\JHUAPLS1R\txtmeter.pro --> harp.antcrc.utas.edu.au /model/crc/mdsumner/programs/JHUAPLS1R txtmeter.pro
101.11.08 09:43 B C:\Program Files\RSI\IDL52\lib\programs\JHUAPLS1R\txtpick.pro --> harp.antcrc.utas.edu.au /model/crc/mdsumner/programs/JHUAPLS1R txtpick.pro
101.11.08 09:43 B C:\Program Files\RSI\IDL52\lib\programs\JHUAPLS1R\txtyesno.pro --> harp.antcrc.utas.edu.au /model/crc/mdsumner/programs/JHUAPLS1R txtyesno.pro
101.11.08 09:43 B C:\Program Files\RSI\IDL52\lib\programs\JHUAPLS1R\unit.pro --> harp.antcrc.utas.edu.au /model/crc/mdsumner/programs/JHUAPLS1R unit.pro
101.11.08 09:43 B C:\Program Files\RSI\IDL52\lib\programs\JHUAPLS1R\select_intervals.pro --> harp.antcrc.utas.edu.au /model/crc/mdsumner/programs/JHUAPLS1R select_intervals.pro
101.11.08 09:43 B C:\Program Files\RSI\IDL52\lib\programs\JHUAPLS1R\varf.pro --> harp.antcrc.utas.edu.au /model/crc/mdsumner/programs/JHUAPLS1R varf.pro
101.11.08 09:43 B C:\Program Files\RSI\IDL52\lib\programs\JHUAPLS1R\variance.pro --> harp.antcrc.utas.edu.au /model/crc/mdsumner/programs/JHUAPLS1R variance.pro
101.11.08 09:43 B C:\Program Files\RSI\IDL52\lib\programs\JHUAPLS1R\vase.pro --> harp.antcrc.utas.edu.au /model/crc/mdsumner/programs/JHUAPLS1R vase.pro
101.11.08 09:43 B C:\Program Files\RSI\IDL52\lib\programs\JHUAPLS1R\vecfld.pro --> harp.antcrc.utas.edu.au /model/crc/mdsumner/programs/JHUAPLS1R vecfld.pro
101.11.08 09:43 B C:\Program Files\RSI\IDL52\lib\programs\JHUAPLS1R\vect_angle.pro --> harp.antcrc.utas.edu.au /model/crc/mdsumner/programs/JHUAPLS1R vect_angle.pro
101.11.08 09:43 B C:\Program Files\RSI\IDL52\lib\programs\JHUAPLS1R\ver.pro --> harp.antcrc.utas.edu.au /model/crc/mdsumner/programs/JHUAPLS1R ver.pro
101.11.08 09:43 B C:\Program Files\RSI\IDL52\lib\programs\JHUAPLS1R\veri.pro --> harp.antcrc.utas.edu.au /model/crc/mdsumner/programs/JHUAPLS1R veri.pro
101.11.08 09:43 B C:\Program Files\RSI\IDL52\lib\programs\JHUAPLS1R\vimgseq.pro --> harp.antcrc.utas.edu.au /model/crc/mdsumner/programs/JHUAPLS1R vimgseq.pro
101.11.08 09:43 B C:\Program Files\RSI\IDL52\lib\programs\JHUAPLS1R\vline.pro --> harp.antcrc.utas.edu.au /model/crc/mdsumner/programs/JHUAPLS1R vline.pro
101.11.08 09:43 B C:\Program Files\RSI\IDL52\lib\programs\JHUAPLS1R\unique.pro --> harp.antcrc.utas.edu.au /model/crc/mdsumner/programs/JHUAPLS1R unique.pro
101.11.08 09:43 B C:\Program Files\RSI\IDL52\lib\programs\JHUAPLS1R\weekday.pro --> harp.antcrc.utas.edu.au /model/crc/mdsumner/programs/JHUAPLS1R weekday.pro
101.11.08 09:43 B C:\Program Files\RSI\IDL52\lib\programs\JHUAPLS1R\wmenu2.pro --> harp.antcrc.utas.edu.au /model/crc/mdsumner/programs/JHUAPLS1R wmenu2.pro
101.11.08 09:43 B C:\Program Files\RSI\IDL52\lib\programs\JHUAPLS1R\wordarray.pro --> harp.antcrc.utas.edu.au /model/crc/mdsumner/programs/JHUAPLS1R wordarray.pro
101.11.08 09:43 B C:\Program Files\RSI\IDL52\lib\programs\JHUAPLS1R\wordorder.pro --> harp.antcrc.utas.edu.au /model/crc/mdsumner/programs/JHUAPLS1R wordorder.pro
101.11.08 09:43 B C:\Program Files\RSI\IDL52\lib\programs\JHUAPLS1R\wordpos.pro --> harp.antcrc.utas.edu.au /model/crc/mdsumner/programs/JHUAPLS1R wordpos.pro
101.11.08 09:43 B C:\Program Files\RSI\IDL52\lib\programs\JHUAPLS1R\xprint.pro --> harp.antcrc.utas.edu.au /model/crc/mdsumner/programs/JHUAPLS1R xprint.pro
101.11.08 09:43 B C:\Program Files\RSI\IDL52\lib\programs\JHUAPLS1R\xtics.pro --> harp.antcrc.utas.edu.au /model/crc/mdsumner/programs/JHUAPLS1R xtics.pro
101.11.08 09:43 B C:\Program Files\RSI\IDL52\lib\programs\JHUAPLS1R\xyoutb.pro --> harp.antcrc.utas.edu.au /model/crc/mdsumner/programs/JHUAPLS1R xyoutb.pro
101.11.08 09:43 B C:\Program Files\RSI\IDL52\lib\programs\JHUAPLS1R\ydn2md.pro --> harp.antcrc.utas.edu.au /model/crc/mdsumner/programs/JHUAPLS1R ydn2md.pro
101.11.08 09:43 B C:\Program Files\RSI\IDL52\lib\programs\JHUAPLS1R\ymd2date.pro --> harp.antcrc.utas.edu.au /model/crc/mdsumner/programs/JHUAPLS1R ymd2date.pro
101.11.08 09:43 B C:\Program Files\RSI\IDL52\lib\programs\JHUAPLS1R\ymd2dn.pro --> harp.antcrc.utas.edu.au /model/crc/mdsumner/programs/JHUAPLS1R ymd2dn.pro
101.11.08 09:43 B C:\Program Files\RSI\IDL52\lib\programs\JHUAPLS1R\ymd2jd.pro --> harp.antcrc.utas.edu.au /model/crc/mdsumner/programs/JHUAPLS1R ymd2jd.pro
101.11.08 09:43 B C:\Program Files\RSI\IDL52\lib\programs\JHUAPLS1R\ymds2js.pro --> harp.antcrc.utas.edu.au /model/crc/mdsumner/programs/JHUAPLS1R ymds2js.pro
101.11.08 09:43 B C:\Program Files\RSI\IDL52\lib\programs\JHUAPLS1R\zplot.pro --> harp.antcrc.utas.edu.au /model/crc/mdsumner/programs/JHUAPLS1R zplot.pro
101.11.08 09:43 B C:\Program Files\RSI\IDL52\lib\programs\JHUAPLS1R\eqv.pro --> harp.antcrc.utas.edu.au /model/crc/mdsumner/programs/JHUAPLS1R eqv.pro
101.11.08 09:43 B C:\Program Files\RSI\IDL52\lib\programs\JHUAPLS1R\set_scale.pro --> harp.antcrc.utas.edu.au /model/crc/mdsumner/programs/JHUAPLS1R set_scale.pro
101.11.08 09:43 B C:\Program Files\RSI\IDL52\lib\programs\JHUAPLS1R\splot.pro --> harp.antcrc.utas.edu.au /model/crc/mdsumner/programs/JHUAPLS1R splot.pro
101.11.08 09:43 B C:\Program Files\RSI\IDL52\lib\programs\JHUAPLS1R\soplot.pro --> harp.antcrc.utas.edu.au /model/crc/mdsumner/programs/JHUAPLS1R soplot.pro
101.11.08 09:43 B C:\Program Files\RSI\IDL52\lib\programs\JHUAPLS1R\sunaltazi.pro --> harp.antcrc.utas.edu.au /model/crc/mdsumner/programs/JHUAPLS1R sunaltazi.pro
101.11.08 09:43 B C:\Program Files\RSI\IDL52\lib\programs\JHUAPLS1R\zpan.pro --> harp.antcrc.utas.edu.au /model/crc/mdsumner/programs/JHUAPLS1R zpan.pro
101.11.08 09:43 B C:\Program Files\RSI\IDL52\lib\programs\JHUAPLS1R\plotpos.pro --> harp.antcrc.utas.edu.au /model/crc/mdsumner/programs/JHUAPLS1R plotpos.pro
101.11.08 09:43 B C:\Program Files\RSI\IDL52\lib\programs\JHUAPLS1R\ctool.pro --> harp.antcrc.utas.edu.au /model/crc/mdsumner/programs/JHUAPLS1R ctool.pro
101.11.08 09:43 B C:\Program Files\RSI\IDL52\lib\programs\JHUAPLS1R\xmess.pro --> harp.antcrc.utas.edu.au /model/crc/mdsumner/programs/JHUAPLS1R xmess.pro
101.11.08 09:43 B C:\Program Files\RSI\IDL52\lib\programs\JHUAPLS1R\ced1.pro --> harp.antcrc.utas.edu.au /model/crc/mdsumner/programs/JHUAPLS1R ced1.pro
101.11.08 09:43 B C:\Program Files\RSI\IDL52\lib\programs\JHUAPLS1R\xdate.pro --> harp.antcrc.utas.edu.au /model/crc/mdsumner/programs/JHUAPLS1R xdate.pro
101.11.08 09:43 B C:\Program Files\RSI\IDL52\lib\programs\JHUAPLS1R\xced1.pro --> harp.antcrc.utas.edu.au /model/crc/mdsumner/programs/JHUAPLS1R xced1.pro
101.11.08 09:43 B C:\Program Files\RSI\IDL52\lib\programs\JHUAPLS1R\xhelp.pro --> harp.antcrc.utas.edu.au /model/crc/mdsumner/programs/JHUAPLS1R xhelp.pro
101.11.08 09:43 B C:\Program Files\RSI\IDL52\lib\programs\JHUAPLS1R\arrow2.pro --> harp.antcrc.utas.edu.au /model/crc/mdsumner/programs/JHUAPLS1R arrow2.pro
101.11.08 09:43 B C:\Program Files\RSI\IDL52\lib\programs\JHUAPLS1R\xbb.pro --> harp.antcrc.utas.edu.au /model/crc/mdsumner/programs/JHUAPLS1R xbb.pro
101.11.08 09:43 B C:\Program Files\RSI\IDL52\lib\programs\JHUAPLS1R\xlist.pro --> harp.antcrc.utas.edu.au /model/crc/mdsumner/programs/JHUAPLS1R xlist.pro
101.11.08 09:43 B C:\Program Files\RSI\IDL52\lib\programs\JHUAPLS1R\xoption.pro --> harp.antcrc.utas.edu.au /model/crc/mdsumner/programs/JHUAPLS1R xoption.pro
101.11.08 09:43 B C:\Program Files\RSI\IDL52\lib\programs\JHUAPLS1R\box1.pro --> harp.antcrc.utas.edu.au /model/crc/mdsumner/programs/JHUAPLS1R box1.pro
101.11.08 09:43 B C:\Program Files\RSI\IDL52\lib\programs\JHUAPLS1R\xfiles.pro --> harp.antcrc.utas.edu.au /model/crc/mdsumner/programs/JHUAPLS1R xfiles.pro
101.11.08 09:43 B C:\Program Files\RSI\IDL52\lib\programs\JHUAPLS1R\xsubdir.pro --> harp.antcrc.utas.edu.au /model/crc/mdsumner/programs/JHUAPLS1R xsubdir.pro
101.11.08 09:43 B C:\Program Files\RSI\IDL52\lib\programs\JHUAPLS1R\paint.pro --> harp.antcrc.utas.edu.au /model/crc/mdsumner/programs/JHUAPLS1R paint.pro
101.11.08 09:43 B C:\Program Files\RSI\IDL52\lib\programs\JHUAPLS1R\gmt_offsec.pro --> harp.antcrc.utas.edu.au /model/crc/mdsumner/programs/JHUAPLS1R gmt_offsec.pro
101.11.08 09:43 B C:\Program Files\RSI\IDL52\lib\programs\JHUAPLS1R\izoom.pro --> harp.antcrc.utas.edu.au /model/crc/mdsumner/programs/JHUAPLS1R izoom.pro
101.11.08 09:43 B C:\Program Files\RSI\IDL52\lib\programs\JHUAPLS1R\xhistpick.pro --> harp.antcrc.utas.edu.au /model/crc/mdsumner/programs/JHUAPLS1R xhistpick.pro
101.11.08 09:43 B C:\Program Files\RSI\IDL52\lib\programs\JHUAPLS1R\topcolors.pro --> harp.antcrc.utas.edu.au /model/crc/mdsumner/programs/JHUAPLS1R topcolors.pro
101.11.08 09:43 B C:\Program Files\RSI\IDL52\lib\programs\JHUAPLS1R\cbar.pro --> harp.antcrc.utas.edu.au /model/crc/mdsumner/programs/JHUAPLS1R cbar.pro
101.11.08 09:43 B C:\Program Files\RSI\IDL52\lib\programs\JHUAPLS1R\rgb.pro --> harp.antcrc.utas.edu.au /model/crc/mdsumner/programs/JHUAPLS1R rgb.pro
101.11.08 09:43 B C:\Program Files\RSI\IDL52\lib\programs\JHUAPLS1R\extremes_2d.pro --> harp.antcrc.utas.edu.au /model/crc/mdsumner/programs/JHUAPLS1R extremes_2d.pro
101.11.08 09:43 B C:\Program Files\RSI\IDL52\lib\programs\JHUAPLS1R\axval.pro --> harp.antcrc.utas.edu.au /model/crc/mdsumner/programs/JHUAPLS1R axval.pro
101.11.08 09:43 B C:\Program Files\RSI\IDL52\lib\programs\JHUAPLS1R\dirmem.pro --> harp.antcrc.utas.edu.au /model/crc/mdsumner/programs/JHUAPLS1R dirmem.pro
101.11.08 09:43 B C:\Program Files\RSI\IDL52\lib\programs\JHUAPLS1R\xgetfile.pro --> harp.antcrc.utas.edu.au /model/crc/mdsumner/programs/JHUAPLS1R xgetfile.pro
101.11.08 09:43 B C:\Program Files\RSI\IDL52\lib\programs\JHUAPLS1R\lastplot.pro --> harp.antcrc.utas.edu.au /model/crc/mdsumner/programs/JHUAPLS1R lastplot.pro
101.11.08 09:43 B C:\Program Files\RSI\IDL52\lib\programs\JHUAPLS1R\xtextfile.pro --> harp.antcrc.utas.edu.au /model/crc/mdsumner/programs/JHUAPLS1R xtextfile.pro
101.11.08 09:43 B C:\Program Files\RSI\IDL52\lib\programs\JHUAPLS1R\stress.pro --> harp.antcrc.utas.edu.au /model/crc/mdsumner/programs/JHUAPLS1R stress.pro
101.11.08 09:43 B C:\Program Files\RSI\IDL52\lib\programs\JHUAPLS1R\xtxtin.pro --> harp.antcrc.utas.edu.au /model/crc/mdsumner/programs/JHUAPLS1R xtxtin.pro
101.11.08 09:43 B C:\Program Files\RSI\IDL52\lib\programs\JHUAPLS1R\subimg.pro --> harp.antcrc.utas.edu.au /model/crc/mdsumner/programs/JHUAPLS1R subimg.pro
101.11.08 09:43 B C:\Program Files\RSI\IDL52\lib\programs\JHUAPLS1R\jsplot.pro --> harp.antcrc.utas.edu.au /model/crc/mdsumner/programs/JHUAPLS1R jsplot.pro
101.11.08 09:43 B C:\Program Files\RSI\IDL52\lib\programs\JHUAPLS1R\thicken.pro --> harp.antcrc.utas.edu.au /model/crc/mdsumner/programs/JHUAPLS1R thicken.pro
101.11.08 09:43 B C:\Program Files\RSI\IDL52\lib\programs\JHUAPLS1R\align.pro --> harp.antcrc.utas.edu.au /model/crc/mdsumner/programs/JHUAPLS1R align.pro
101.11.08 09:43 B C:\Program Files\RSI\IDL52\lib\programs\JHUAPLS1R\pltcrv.pro --> harp.antcrc.utas.edu.au /model/crc/mdsumner/programs/JHUAPLS1R pltcrv.pro
101.11.08 09:43 B C:\Program Files\RSI\IDL52\lib\programs\JHUAPLS1R\shade_surf2.pro --> harp.antcrc.utas.edu.au /model/crc/mdsumner/programs/JHUAPLS1R shade_surf2.pro
101.11.08 09:43 B C:\Program Files\RSI\IDL52\lib\programs\JHUAPLS1R\xhotlist.pro --> harp.antcrc.utas.edu.au /model/crc/mdsumner/programs/JHUAPLS1R xhotlist.pro
101.11.08 09:43 B C:\Program Files\RSI\IDL52\lib\programs\JHUAPLS1R\congrid8c.pro --> harp.antcrc.utas.edu.au /model/crc/mdsumner/programs/JHUAPLS1R congrid8c.pro
101.11.08 09:43 B C:\Program Files\RSI\IDL52\lib\programs\JHUAPLS1R\seedfill.pro --> harp.antcrc.utas.edu.au /model/crc/mdsumner/programs/JHUAPLS1R seedfill.pro
101.11.08 09:43 B C:\Program Files\RSI\IDL52\lib\programs\JHUAPLS1R\seedfillr.pro --> harp.antcrc.utas.edu.au /model/crc/mdsumner/programs/JHUAPLS1R seedfillr.pro
101.11.08 09:43 B C:\Program Files\RSI\IDL52\lib\programs\JHUAPLS1R\ydn2date.pro --> harp.antcrc.utas.edu.au /model/crc/mdsumner/programs/JHUAPLS1R ydn2date.pro
101.11.08 09:43 B C:\Program Files\RSI\IDL52\lib\programs\JHUAPLS1R\sunclock.pro --> harp.antcrc.utas.edu.au /model/crc/mdsumner/programs/JHUAPLS1R sunclock.pro
101.11.08 09:43 B C:\Program Files\RSI\IDL52\lib\programs\JHUAPLS1R\cyph.pro --> harp.antcrc.utas.edu.au /model/crc/mdsumner/programs/JHUAPLS1R cyph.pro
101.11.08 09:43 B C:\Program Files\RSI\IDL52\lib\programs\JHUAPLS1R\sphgc.pro --> harp.antcrc.utas.edu.au /model/crc/mdsumner/programs/JHUAPLS1R sphgc.pro
101.11.08 09:43 B C:\Program Files\RSI\IDL52\lib\programs\JHUAPLS1R\ibilin.pro --> harp.antcrc.utas.edu.au /model/crc/mdsumner/programs/JHUAPLS1R ibilin.pro
101.11.08 09:43 B C:\Program Files\RSI\IDL52\lib\programs\JHUAPLS1R\shade_img.pro --> harp.antcrc.utas.edu.au /model/crc/mdsumner/programs/JHUAPLS1R shade_img.pro
101.11.08 09:43 B C:\Program Files\RSI\IDL52\lib\programs\JHUAPLS1R\xdatafile.pro --> harp.antcrc.utas.edu.au /model/crc/mdsumner/programs/JHUAPLS1R xdatafile.pro
101.11.08 09:43 B C:\Program Files\RSI\IDL52\lib\programs\JHUAPLS1R\pickcolor.pro --> harp.antcrc.utas.edu.au /model/crc/mdsumner/programs/JHUAPLS1R pickcolor.pro
101.11.08 09:43 B C:\Program Files\RSI\IDL52\lib\programs\JHUAPLS1R\xtextimg.pro --> harp.antcrc.utas.edu.au /model/crc/mdsumner/programs/JHUAPLS1R xtextimg.pro
101.11.08 09:43 B C:\Program Files\RSI\IDL52\lib\programs\JHUAPLS1R\js2jd.pro --> harp.antcrc.utas.edu.au /model/crc/mdsumner/programs/JHUAPLS1R js2jd.pro
101.11.08 09:43 B C:\Program Files\RSI\IDL52\lib\programs\JHUAPLS1R\jd2js.pro --> harp.antcrc.utas.edu.au /model/crc/mdsumner/programs/JHUAPLS1R jd2js.pro
101.11.08 09:43 B C:\Program Files\RSI\IDL52\lib\programs\JHUAPLS1R\xhsbc.pro --> harp.antcrc.utas.edu.au /model/crc/mdsumner/programs/JHUAPLS1R xhsbc.pro
101.11.08 09:43 B C:\Program Files\RSI\IDL52\lib\programs\JHUAPLS1R\ellipse.pro --> harp.antcrc.utas.edu.au /model/crc/mdsumner/programs/JHUAPLS1R ellipse.pro
101.11.08 09:43 B C:\Program Files\RSI\IDL52\lib\programs\JHUAPLS1R\imgwindow.pro --> harp.antcrc.utas.edu.au /model/crc/mdsumner/programs/JHUAPLS1R imgwindow.pro
101.11.08 09:43 B C:\Program Files\RSI\IDL52\lib\programs\JHUAPLS1R\movtxt.pro --> harp.antcrc.utas.edu.au /model/crc/mdsumner/programs/JHUAPLS1R movtxt.pro
101.11.08 09:43 B C:\Program Files\RSI\IDL52\lib\programs\JHUAPLS1R\clr_scale.pro --> harp.antcrc.utas.edu.au /model/crc/mdsumner/programs/JHUAPLS1R clr_scale.pro
101.11.08 09:43 B C:\Program Files\RSI\IDL52\lib\programs\JHUAPLS1R\genellipse.pro --> harp.antcrc.utas.edu.au /model/crc/mdsumner/programs/JHUAPLS1R genellipse.pro
101.11.08 09:43 B C:\Program Files\RSI\IDL52\lib\programs\JHUAPLS1R\check5.pro --> harp.antcrc.utas.edu.au /model/crc/mdsumner/programs/JHUAPLS1R check5.pro
101.11.08 09:43 B C:\Program Files\RSI\IDL52\lib\programs\JHUAPLS1R\xmerge.pro --> harp.antcrc.utas.edu.au /model/crc/mdsumner/programs/JHUAPLS1R xmerge.pro
101.11.08 09:43 B C:\Program Files\RSI\IDL52\lib\programs\JHUAPLS1R\getstr.pro --> harp.antcrc.utas.edu.au /model/crc/mdsumner/programs/JHUAPLS1R getstr.pro
101.11.08 09:43 B C:\Program Files\RSI\IDL52\lib\programs\JHUAPLS1R\ticklen.pro --> harp.antcrc.utas.edu.au /model/crc/mdsumner/programs/JHUAPLS1R ticklen.pro
101.11.08 09:43 B C:\Program Files\RSI\IDL52\lib\programs\JHUAPLS1R\dms2d.pro --> harp.antcrc.utas.edu.au /model/crc/mdsumner/programs/JHUAPLS1R dms2d.pro
101.11.08 09:43 B C:\Program Files\RSI\IDL52\lib\programs\JHUAPLS1R\movlabels.pro --> harp.antcrc.utas.edu.au /model/crc/mdsumner/programs/JHUAPLS1R movlabels.pro
101.11.08 09:43 B C:\Program Files\RSI\IDL52\lib\programs\JHUAPLS1R\prwindow.pro --> harp.antcrc.utas.edu.au /model/crc/mdsumner/programs/JHUAPLS1R prwindow.pro
101.11.08 09:43 B C:\Program Files\RSI\IDL52\lib\programs\JHUAPLS1R\whoami.pro --> harp.antcrc.utas.edu.au /model/crc/mdsumner/programs/JHUAPLS1R whoami.pro
101.11.08 09:43 B C:\Program Files\RSI\IDL52\lib\programs\JHUAPLS1R\event_log.pro --> harp.antcrc.utas.edu.au /model/crc/mdsumner/programs/JHUAPLS1R event_log.pro
101.11.08 09:43 B C:\Program Files\RSI\IDL52\lib\programs\JHUAPLS1R\tiff2jpeg.pro --> harp.antcrc.utas.edu.au /model/crc/mdsumner/programs/JHUAPLS1R tiff2jpeg.pro
101.11.08 09:43 B C:\Program Files\RSI\IDL52\lib\programs\JHUAPLS1R\jpeg2tiff8.pro --> harp.antcrc.utas.edu.au /model/crc/mdsumner/programs/JHUAPLS1R jpeg2tiff8.pro
101.11.08 09:43 B C:\Program Files\RSI\IDL52\lib\programs\JHUAPLS1R\setwin.pro --> harp.antcrc.utas.edu.au /model/crc/mdsumner/programs/JHUAPLS1R setwin.pro
101.11.08 09:43 B C:\Program Files\RSI\IDL52\lib\programs\JHUAPLS1R\whocalledme.pro --> harp.antcrc.utas.edu.au /model/crc/mdsumner/programs/JHUAPLS1R whocalledme.pro
101.11.08 09:43 B C:\Program Files\RSI\IDL52\lib\programs\JHUAPLS1R\data_block.pro --> harp.antcrc.utas.edu.au /model/crc/mdsumner/programs/JHUAPLS1R data_block.pro
101.11.08 09:43 B C:\Program Files\RSI\IDL52\lib\programs\JHUAPLS1R\showpath.pro --> harp.antcrc.utas.edu.au /model/crc/mdsumner/programs/JHUAPLS1R showpath.pro
101.11.08 09:43 B C:\Program Files\RSI\IDL52\lib\programs\JHUAPLS1R\upcase1.pro --> harp.antcrc.utas.edu.au /model/crc/mdsumner/programs/JHUAPLS1R upcase1.pro
101.11.08 09:43 B C:\Program Files\RSI\IDL52\lib\programs\JHUAPLS1R\lint.pro --> harp.antcrc.utas.edu.au /model/crc/mdsumner/programs/JHUAPLS1R lint.pro
101.11.08 09:43 B C:\Program Files\RSI\IDL52\lib\programs\JHUAPLS1R\exdiff.pro --> harp.antcrc.utas.edu.au /model/crc/mdsumner/programs/JHUAPLS1R exdiff.pro
101.11.08 09:43 B C:\Program Files\RSI\IDL52\lib\programs\JHUAPLS1R\eqv2.pro --> harp.antcrc.utas.edu.au /model/crc/mdsumner/programs/JHUAPLS1R eqv2.pro
101.11.08 09:43 B C:\Program Files\RSI\IDL52\lib\programs\JHUAPLS1R\date2dn.pro --> harp.antcrc.utas.edu.au /model/crc/mdsumner/programs/JHUAPLS1R date2dn.pro
101.11.08 09:43 B C:\Program Files\RSI\IDL52\lib\programs\JHUAPLS1R\get_count.pro --> harp.antcrc.utas.edu.au /model/crc/mdsumner/programs/JHUAPLS1R get_count.pro
101.11.08 09:43 B C:\Program Files\RSI\IDL52\lib\programs\JHUAPLS1R\filljumps.pro --> harp.antcrc.utas.edu.au /model/crc/mdsumner/programs/JHUAPLS1R filljumps.pro
101.11.08 09:43 B C:\Program Files\RSI\IDL52\lib\programs\JHUAPLS1R\point.pro --> harp.antcrc.utas.edu.au /model/crc/mdsumner/programs/JHUAPLS1R point.pro
101.11.08 09:43 B C:\Program Files\RSI\IDL52\lib\programs\JHUAPLS1R\detab.pro --> harp.antcrc.utas.edu.au /model/crc/mdsumner/programs/JHUAPLS1R detab.pro
101.11.08 09:43 B C:\Program Files\RSI\IDL52\lib\programs\JHUAPLS1R\gifadd.pro --> harp.antcrc.utas.edu.au /model/crc/mdsumner/programs/JHUAPLS1R gifadd.pro
101.11.08 09:43 B C:\Program Files\RSI\IDL52\lib\programs\JHUAPLS1R\lincal.pro --> harp.antcrc.utas.edu.au /model/crc/mdsumner/programs/JHUAPLS1R lincal.pro
101.11.08 09:43 B C:\Program Files\RSI\IDL52\lib\programs\JHUAPLS1R\gentile.pro --> harp.antcrc.utas.edu.au /model/crc/mdsumner/programs/JHUAPLS1R gentile.pro
101.11.08 09:43 B C:\Program Files\RSI\IDL52\lib\programs\JHUAPLS1R\webtile.pro --> harp.antcrc.utas.edu.au /model/crc/mdsumner/programs/JHUAPLS1R webtile.pro
101.11.08 09:43 B C:\Program Files\RSI\IDL52\lib\programs\JHUAPLS1R\getenv2.pro --> harp.antcrc.utas.edu.au /model/crc/mdsumner/programs/JHUAPLS1R getenv2.pro
101.11.08 09:43 B C:\Program Files\RSI\IDL52\lib\programs\JHUAPLS1R\webshadow.pro --> harp.antcrc.utas.edu.au /model/crc/mdsumner/programs/JHUAPLS1R webshadow.pro
101.11.08 09:43 B C:\Program Files\RSI\IDL52\lib\programs\JHUAPLS1R\color_quanj.pro --> harp.antcrc.utas.edu.au /model/crc/mdsumner/programs/JHUAPLS1R color_quanj.pro
101.11.08 09:43 B C:\Program Files\RSI\IDL52\lib\programs\JHUAPLS1R\commalist.pro --> harp.antcrc.utas.edu.au /model/crc/mdsumner/programs/JHUAPLS1R commalist.pro
101.11.08 09:43 B C:\Program Files\RSI\IDL52\lib\programs\JHUAPLS1R\imgmask.pro --> harp.antcrc.utas.edu.au /model/crc/mdsumner/programs/JHUAPLS1R imgmask.pro
101.11.08 09:43 B C:\Program Files\RSI\IDL52\lib\programs\JHUAPLS1R\vclip.pro --> harp.antcrc.utas.edu.au /model/crc/mdsumner/programs/JHUAPLS1R vclip.pro
101.11.08 09:43 B C:\Program Files\RSI\IDL52\lib\programs\JHUAPLS1R\imgscale.pro --> harp.antcrc.utas.edu.au /model/crc/mdsumner/programs/JHUAPLS1R imgscale.pro
101.11.08 09:43 B C:\Program Files\RSI\IDL52\lib\programs\JHUAPLS1R\sunjs.pro --> harp.antcrc.utas.edu.au /model/crc/mdsumner/programs/JHUAPLS1R sunjs.pro
101.11.08 09:43 B C:\Program Files\RSI\IDL52\lib\programs\JHUAPLS1R\sunpos.pro --> harp.antcrc.utas.edu.au /model/crc/mdsumner/programs/JHUAPLS1R sunpos.pro
101.11.08 09:43 B C:\Program Files\RSI\IDL52\lib\programs\JHUAPLS1R\plural.pro --> harp.antcrc.utas.edu.au /model/crc/mdsumner/programs/JHUAPLS1R plural.pro
101.11.08 09:43 B C:\Program Files\RSI\IDL52\lib\programs\JHUAPLS1R\hget.pro --> harp.antcrc.utas.edu.au /model/crc/mdsumner/programs/JHUAPLS1R hget.pro
101.11.08 09:43 B C:\Program Files\RSI\IDL52\lib\programs\JHUAPLS1R\hset.pro --> harp.antcrc.utas.edu.au /model/crc/mdsumner/programs/JHUAPLS1R hset.pro
101.11.08 09:43 B C:\Program Files\RSI\IDL52\lib\programs\JHUAPLS1R\jpegscreen.pro --> harp.antcrc.utas.edu.au /model/crc/mdsumner/programs/JHUAPLS1R jpegscreen.pro
101.11.08 09:43 B C:\Program Files\RSI\IDL52\lib\programs\JHUAPLS1R\sattrackaz.pro --> harp.antcrc.utas.edu.au /model/crc/mdsumner/programs/JHUAPLS1R sattrackaz.pro
101.11.08 09:43 B C:\Program Files\RSI\IDL52\lib\programs\JHUAPLS1R\screenjpeg.pro --> harp.antcrc.utas.edu.au /model/crc/mdsumner/programs/JHUAPLS1R screenjpeg.pro
101.11.08 09:43 B C:\Program Files\RSI\IDL52\lib\programs\JHUAPLS1R\jpeg_mag.pro --> harp.antcrc.utas.edu.au /model/crc/mdsumner/programs/JHUAPLS1R jpeg_mag.pro
101.11.08 09:43 B C:\Program Files\RSI\IDL52\lib\programs\JHUAPLS1R\gifscreen.pro --> harp.antcrc.utas.edu.au /model/crc/mdsumner/programs/JHUAPLS1R gifscreen.pro
101.11.08 09:43 B C:\Program Files\RSI\IDL52\lib\programs\JHUAPLS1R\lini.pro --> harp.antcrc.utas.edu.au /model/crc/mdsumner/programs/JHUAPLS1R lini.pro
101.11.08 09:43 B C:\Program Files\RSI\IDL52\lib\programs\JHUAPLS1R\colorwarn.pro --> harp.antcrc.utas.edu.au /model/crc/mdsumner/programs/JHUAPLS1R colorwarn.pro
101.11.08 09:43 B C:\Program Files\RSI\IDL52\lib\programs\JHUAPLS1R\magcrs.pro --> harp.antcrc.utas.edu.au /model/crc/mdsumner/programs/JHUAPLS1R magcrs.pro
101.11.08 09:43 B C:\Program Files\RSI\IDL52\lib\programs\JHUAPLS1R\tvcrs2.pro --> harp.antcrc.utas.edu.au /model/crc/mdsumner/programs/JHUAPLS1R tvcrs2.pro
101.11.08 09:43 B C:\Program Files\RSI\IDL52\lib\programs\JHUAPLS1R\xmeter.pro --> harp.antcrc.utas.edu.au /model/crc/mdsumner/programs/JHUAPLS1R xmeter.pro
101.11.08 09:43 B C:\Program Files\RSI\IDL52\lib\programs\JHUAPLS1R\screengif.pro --> harp.antcrc.utas.edu.au /model/crc/mdsumner/programs/JHUAPLS1R screengif.pro
101.11.08 09:43 B C:\Program Files\RSI\IDL52\lib\programs\JHUAPLS1R\textpos.pro --> harp.antcrc.utas.edu.au /model/crc/mdsumner/programs/JHUAPLS1R textpos.pro
101.11.08 09:43 B C:\Program Files\RSI\IDL52\lib\programs\JHUAPLS1R\ydns2js.pro --> harp.antcrc.utas.edu.au /model/crc/mdsumner/programs/JHUAPLS1R ydns2js.pro
101.11.08 09:43 B C:\Program Files\RSI\IDL52\lib\programs\JHUAPLS1R\map_put_scale.pro --> harp.antcrc.utas.edu.au /model/crc/mdsumner/programs/JHUAPLS1R map_put_scale.pro
101.11.08 09:43 B C:\Program Files\RSI\IDL52\lib\programs\JHUAPLS1R\map_set_scale.pro --> harp.antcrc.utas.edu.au /model/crc/mdsumner/programs/JHUAPLS1R map_set_scale.pro
101.11.08 09:43 B C:\Program Files\RSI\IDL52\lib\programs\JHUAPLS1R\strarr2byt.pro --> harp.antcrc.utas.edu.au /model/crc/mdsumner/programs/JHUAPLS1R strarr2byt.pro
101.11.08 09:43 B C:\Program Files\RSI\IDL52\lib\programs\JHUAPLS1R\byt2strarr.pro --> harp.antcrc.utas.edu.au /model/crc/mdsumner/programs/JHUAPLS1R byt2strarr.pro
101.11.08 09:43 B C:\Program Files\RSI\IDL52\lib\programs\JHUAPLS1R\bytarr_put.pro --> harp.antcrc.utas.edu.au /model/crc/mdsumner/programs/JHUAPLS1R bytarr_put.pro
101.11.08 09:43 B C:\Program Files\RSI\IDL52\lib\programs\JHUAPLS1R\bytarr_get.pro --> harp.antcrc.utas.edu.au /model/crc/mdsumner/programs/JHUAPLS1R bytarr_get.pro
101.11.08 09:43 B C:\Program Files\RSI\IDL52\lib\programs\JHUAPLS1R\webcaltab.pro --> harp.antcrc.utas.edu.au /model/crc/mdsumner/programs/JHUAPLS1R webcaltab.pro
101.11.08 09:43 B C:\Program Files\RSI\IDL52\lib\programs\JHUAPLS1R\gif2jpeg.pro --> harp.antcrc.utas.edu.au /model/crc/mdsumner/programs/JHUAPLS1R gif2jpeg.pro
101.11.08 09:43 B C:\Program Files\RSI\IDL52\lib\programs\JHUAPLS1R\pmod.pro --> harp.antcrc.utas.edu.au /model/crc/mdsumner/programs/JHUAPLS1R pmod.pro
101.11.08 09:43 B C:\Program Files\RSI\IDL52\lib\programs\JHUAPLS1R\fixangh.pro --> harp.antcrc.utas.edu.au /model/crc/mdsumner/programs/JHUAPLS1R fixangh.pro
101.11.08 09:43 B C:\Program Files\RSI\IDL52\lib\programs\JHUAPLS1R\symasym.pro --> harp.antcrc.utas.edu.au /model/crc/mdsumner/programs/JHUAPLS1R symasym.pro
101.11.08 09:43 B C:\Program Files\RSI\IDL52\lib\programs\JHUAPLS1R\dt_tm_fromcr.pro --> harp.antcrc.utas.edu.au /model/crc/mdsumner/programs/JHUAPLS1R dt_tm_fromcr.pro
101.11.08 09:43 B C:\Program Files\RSI\IDL52\lib\programs\JHUAPLS1R\dt_tm_tocr.pro --> harp.antcrc.utas.edu.au /model/crc/mdsumner/programs/JHUAPLS1R dt_tm_tocr.pro
101.11.08 09:43 B C:\Program Files\RSI\IDL52\lib\programs\JHUAPLS1R\shiftf.pro --> harp.antcrc.utas.edu.au /model/crc/mdsumner/programs/JHUAPLS1R shiftf.pro
101.11.08 09:43 B C:\Program Files\RSI\IDL52\lib\programs\JHUAPLS1R\makenxy.pro --> harp.antcrc.utas.edu.au /model/crc/mdsumner/programs/JHUAPLS1R makenxy.pro
101.11.08 09:43 B C:\Program Files\RSI\IDL52\lib\programs\JHUAPLS1R\xyesno.pro --> harp.antcrc.utas.edu.au /model/crc/mdsumner/programs/JHUAPLS1R xyesno.pro
101.11.08 09:43 B C:\Program Files\RSI\IDL52\lib\programs\JHUAPLS1R\epsinit.pro --> harp.antcrc.utas.edu.au /model/crc/mdsumner/programs/JHUAPLS1R epsinit.pro
101.11.08 09:43 B C:\Program Files\RSI\IDL52\lib\programs\JHUAPLS1R\epsterm.pro --> harp.antcrc.utas.edu.au /model/crc/mdsumner/programs/JHUAPLS1R epsterm.pro
101.11.08 09:43 B C:\Program Files\RSI\IDL52\lib\programs\JHUAPLS1R\earthrad.pro --> harp.antcrc.utas.edu.au /model/crc/mdsumner/programs/JHUAPLS1R earthrad.pro
101.11.08 09:43 B C:\Program Files\RSI\IDL52\lib\programs\JHUAPLS1R\date2jd.pro --> harp.antcrc.utas.edu.au /model/crc/mdsumner/programs/JHUAPLS1R date2jd.pro
101.11.08 09:43 B C:\Program Files\RSI\IDL52\lib\programs\JHUAPLS1R\refract.pro --> harp.antcrc.utas.edu.au /model/crc/mdsumner/programs/JHUAPLS1R refract.pro
101.11.08 09:43 B C:\Program Files\RSI\IDL52\lib\programs\JHUAPLS1R\sun_zd.pro --> harp.antcrc.utas.edu.au /model/crc/mdsumner/programs/JHUAPLS1R sun_zd.pro
101.11.08 09:43 B C:\Program Files\RSI\IDL52\lib\programs\JHUAPLS1R\text_block.pro --> harp.antcrc.utas.edu.au /model/crc/mdsumner/programs/JHUAPLS1R text_block.pro
101.11.08 09:43 B C:\Program Files\RSI\IDL52\lib\programs\JHUAPLS1R\sun_colors.pro --> harp.antcrc.utas.edu.au /model/crc/mdsumner/programs/JHUAPLS1R sun_colors.pro
101.11.08 09:43 B C:\Program Files\RSI\IDL52\lib\programs\JHUAPLS1R\outbox.pro --> harp.antcrc.utas.edu.au /model/crc/mdsumner/programs/JHUAPLS1R outbox.pro
101.11.08 09:43 B C:\Program Files\RSI\IDL52\lib\programs\JHUAPLS1R\scale_rgb.pro --> harp.antcrc.utas.edu.au /model/crc/mdsumner/programs/JHUAPLS1R scale_rgb.pro
101.11.08 09:43 B C:\Program Files\RSI\IDL52\lib\programs\JHUAPLS1R\file_test.pro --> harp.antcrc.utas.edu.au /model/crc/mdsumner/programs/JHUAPLS1R file_test.pro
101.11.08 09:43 B C:\Program Files\RSI\IDL52\lib\programs\JHUAPLS1R\texti.pro --> harp.antcrc.utas.edu.au /model/crc/mdsumner/programs/JHUAPLS1R texti.pro
101.11.08 09:43 B C:\Program Files\RSI\IDL52\lib\programs\JHUAPLS1R\crossi2.pro --> harp.antcrc.utas.edu.au /model/crc/mdsumner/programs/JHUAPLS1R crossi2.pro
101.11.08 09:43 B C:\Program Files\RSI\IDL52\lib\programs\JHUAPLS1R\concoord.pro --> harp.antcrc.utas.edu.au /model/crc/mdsumner/programs/JHUAPLS1R concoord.pro
101.11.08 09:43 B C:\Program Files\RSI\IDL52\lib\programs\JHUAPLS1R\tarclr.pro --> harp.antcrc.utas.edu.au /model/crc/mdsumner/programs/JHUAPLS1R tarclr.pro
101.11.08 09:43 B C:\Program Files\RSI\IDL52\lib\programs\JHUAPLS1R\dt_tm_range.pro --> harp.antcrc.utas.edu.au /model/crc/mdsumner/programs/JHUAPLS1R dt_tm_range.pro
101.11.08 09:43 B C:\Program Files\RSI\IDL52\lib\programs\JHUAPLS1R\congrid2.pro --> harp.antcrc.utas.edu.au /model/crc/mdsumner/programs/JHUAPLS1R congrid2.pro
101.11.08 09:43 B C:\Program Files\RSI\IDL52\lib\programs\JHUAPLS1R\box2b.pro --> harp.antcrc.utas.edu.au /model/crc/mdsumner/programs/JHUAPLS1R box2b.pro
101.11.08 09:43 B C:\Program Files\RSI\IDL52\lib\programs\JHUAPLS1R\dt_tm_full.pro --> harp.antcrc.utas.edu.au /model/crc/mdsumner/programs/JHUAPLS1R dt_tm_full.pro
101.11.08 09:43 B C:\Program Files\RSI\IDL52\lib\programs\JHUAPLS1R\web_back.pro --> harp.antcrc.utas.edu.au /model/crc/mdsumner/programs/JHUAPLS1R web_back.pro
101.11.08 09:43 B C:\Program Files\RSI\IDL52\lib\programs\JHUAPLS1R\xview_buttons_brief.txt --> harp.antcrc.utas.edu.au /model/crc/mdsumner/programs/JHUAPLS1R xview_buttons_brief.txt
101.11.08 09:43 B C:\Program Files\RSI\IDL52\lib\programs\JHUAPLS1R\xview_buttons_user.txt --> harp.antcrc.utas.edu.au /model/crc/mdsumner/programs/JHUAPLS1R xview_buttons_user.txt
101.11.08 09:43 B C:\Program Files\RSI\IDL52\lib\programs\JHUAPLS1R\xview_overview.txt --> harp.antcrc.utas.edu.au /model/crc/mdsumner/programs/JHUAPLS1R xview_overview.txt
101.11.08 09:43 B C:\Program Files\RSI\IDL52\lib\programs\JHUAPLS1R\xview_text_fields.txt --> harp.antcrc.utas.edu.au /model/crc/mdsumner/programs/JHUAPLS1R xview_text_fields.txt
101.11.08 09:43 B C:\Program Files\RSI\IDL52\lib\programs\JHUAPLS1R\eqv2_load_help.pro --> harp.antcrc.utas.edu.au /model/crc/mdsumner/programs/JHUAPLS1R eqv2_load_help.pro
101.11.08 09:43 B C:\Program Files\RSI\IDL52\lib\programs\JHUAPLS1R\xautohelp.pro --> harp.antcrc.utas.edu.au /model/crc/mdsumner/programs/JHUAPLS1R xautohelp.pro
101.11.08 09:43 B C:\Program Files\RSI\IDL52\lib\programs\JHUAPLS1R\xautohelp_example.pro --> harp.antcrc.utas.edu.au /model/crc/mdsumner/programs/JHUAPLS1R xautohelp_example.pro
101.11.08 09:43 B C:\Program Files\RSI\IDL52\lib\programs\JHUAPLS1R\xautohelp.hlp --> harp.antcrc.utas.edu.au /model/crc/mdsumner/programs/JHUAPLS1R xautohelp.hlp
101.11.08 09:43 B C:\Program Files\RSI\IDL52\lib\programs\JHUAPLS1R\colors8bit.pro --> harp.antcrc.utas.edu.au /model/crc/mdsumner/programs/JHUAPLS1R colors8bit.pro
101.11.08 09:43 B C:\Program Files\RSI\IDL52\lib\programs\JHUAPLS1R\spl_angint.pro --> harp.antcrc.utas.edu.au /model/crc/mdsumner/programs/JHUAPLS1R spl_angint.pro
101.11.08 09:43 B C:\Program Files\RSI\IDL52\lib\programs\JHUAPLS1R\numfrac.pro --> harp.antcrc.utas.edu.au /model/crc/mdsumner/programs/JHUAPLS1R numfrac.pro
101.11.08 09:43 B C:\Program Files\RSI\IDL52\lib\programs\JHUAPLS1R\numpersec.pro --> harp.antcrc.utas.edu.au /model/crc/mdsumner/programs/JHUAPLS1R numpersec.pro
101.11.08 09:43 B C:\Program Files\RSI\IDL52\lib\programs\JHUAPLS1R\tag_test.pro --> harp.antcrc.utas.edu.au /model/crc/mdsumner/programs/JHUAPLS1R tag_test.pro
101.11.08 09:43 B C:\Program Files\RSI\IDL52\lib\programs\JHUAPLS1R\izoomo__define.pro --> harp.antcrc.utas.edu.au /model/crc/mdsumner/programs/JHUAPLS1R izoomo__define.pro
101.11.08 09:43 B C:\Program Files\RSI\IDL52\lib\programs\JHUAPLS1R\obj_draw.pro --> harp.antcrc.utas.edu.au /model/crc/mdsumner/programs/JHUAPLS1R obj_draw.pro
101.11.08 09:43 B C:\Program Files\RSI\IDL52\lib\programs\JHUAPLS1R\grab_commands.pro --> harp.antcrc.utas.edu.au /model/crc/mdsumner/programs/JHUAPLS1R grab_commands.pro
101.11.08 09:43 B C:\Program Files\RSI\IDL52\lib\programs\JHUAPLS1R\vumov.pro --> harp.antcrc.utas.edu.au /model/crc/mdsumner/programs/JHUAPLS1R vumov.pro
101.11.08 09:43 B C:\Program Files\RSI\IDL52\lib\programs\JHUAPLS1R\izoom_sub.pro --> harp.antcrc.utas.edu.au /model/crc/mdsumner/programs/JHUAPLS1R izoom_sub.pro
101.11.08 09:43 B C:\Program Files\RSI\IDL52\lib\programs\JHUAPLS1R\wgs_84.pro --> harp.antcrc.utas.edu.au /model/crc/mdsumner/programs/JHUAPLS1R wgs_84.pro
101.11.08 09:43 B C:\Program Files\RSI\IDL52\lib\programs\JHUAPLS1R\loglut.pro --> harp.antcrc.utas.edu.au /model/crc/mdsumner/programs/JHUAPLS1R loglut.pro
101.11.08 09:43 B C:\Program Files\RSI\IDL52\lib\programs\JHUAPLS1R\date2doy.pro --> harp.antcrc.utas.edu.au /model/crc/mdsumner/programs/JHUAPLS1R date2doy.pro
101.11.08 09:43 B C:\Program Files\RSI\IDL52\lib\programs\JHUAPLS1R\getbits.pro --> harp.antcrc.utas.edu.au /model/crc/mdsumner/programs/JHUAPLS1R getbits.pro
101.11.08 09:43 B C:\Program Files\RSI\IDL52\lib\programs\JHUAPLS1R\showbits.pro --> harp.antcrc.utas.edu.au /model/crc/mdsumner/programs/JHUAPLS1R showbits.pro
101.11.08 09:43 B C:\Program Files\RSI\IDL52\lib\programs\JHUAPLS1R\putbits.pro --> harp.antcrc.utas.edu.au /model/crc/mdsumner/programs/JHUAPLS1R putbits.pro
101.11.08 09:43 B C:\Program Files\RSI\IDL52\lib\programs\JHUAPLS1R\win_open.pro --> harp.antcrc.utas.edu.au /model/crc/mdsumner/programs/JHUAPLS1R win_open.pro
101.11.08 09:43 B C:\Program Files\RSI\IDL52\lib\programs\JHUAPLS1R\zero_int.pro --> harp.antcrc.utas.edu.au /model/crc/mdsumner/programs/JHUAPLS1R zero_int.pro
101.11.08 09:43 B C:\Program Files\RSI\IDL52\lib\programs\JHUAPLS1R\int_low.pro --> harp.antcrc.utas.edu.au /model/crc/mdsumner/programs/JHUAPLS1R int_low.pro
101.11.08 09:43 B C:\Program Files\RSI\IDL52\lib\programs\JHUAPLS1R\yy2yyyy.pro --> harp.antcrc.utas.edu.au /model/crc/mdsumner/programs/JHUAPLS1R yy2yyyy.pro
101.11.08 09:43 B C:\Program Files\RSI\IDL52\lib\programs\JHUAPLS1R\monthnum.pro --> harp.antcrc.utas.edu.au /model/crc/mdsumner/programs/JHUAPLS1R monthnum.pro
101.11.08 09:43 B C:\Program Files\RSI\IDL52\lib\programs\JHUAPLS1R\getgroup.pro --> harp.antcrc.utas.edu.au /model/crc/mdsumner/programs/JHUAPLS1R getgroup.pro
101.11.08 09:43 B C:\Program Files\RSI\IDL52\lib\programs\JHUAPLS1R\ngroups.pro --> harp.antcrc.utas.edu.au /model/crc/mdsumner/programs/JHUAPLS1R ngroups.pro
101.11.08 09:43 B C:\Program Files\RSI\IDL52\lib\programs\JHUAPLS1R\win_redirect.pro --> harp.antcrc.utas.edu.au /model/crc/mdsumner/programs/JHUAPLS1R win_redirect.pro
101.11.08 09:43 B C:\Program Files\RSI\IDL52\lib\programs\JHUAPLS1R\win_copy.pro --> harp.antcrc.utas.edu.au /model/crc/mdsumner/programs/JHUAPLS1R win_copy.pro
101.11.08 09:43 B C:\Program Files\RSI\IDL52\lib\programs\JHUAPLS1R\colorize.pro --> harp.antcrc.utas.edu.au /model/crc/mdsumner/programs/JHUAPLS1R colorize.pro
101.11.08 09:43 B C:\Program Files\RSI\IDL52\lib\programs\JHUAPLS1R\posbox.pro --> harp.antcrc.utas.edu.au /model/crc/mdsumner/programs/JHUAPLS1R posbox.pro
101.11.08 09:43 B C:\Program Files\RSI\IDL52\lib\programs\JHUAPLS1R\iglobe.pro --> harp.antcrc.utas.edu.au /model/crc/mdsumner/programs/JHUAPLS1R iglobe.pro
101.11.08 09:43 B C:\Program Files\RSI\IDL52\lib\programs\JHUAPLS1R\world_sunzd.pro --> harp.antcrc.utas.edu.au /model/crc/mdsumner/programs/JHUAPLS1R world_sunzd.pro
101.11.08 09:43 B C:\Program Files\RSI\IDL52\lib\programs\JHUAPLS1R\sun_colors0.txt --> harp.antcrc.utas.edu.au /model/crc/mdsumner/programs/JHUAPLS1R sun_colors0.txt
101.11.08 09:43 B C:\Program Files\RSI\IDL52\lib\programs\JHUAPLS1R\dayglobe.pro --> harp.antcrc.utas.edu.au /model/crc/mdsumner/programs/JHUAPLS1R dayglobe.pro
101.11.08 09:43 B C:\Program Files\RSI\IDL52\lib\programs\JHUAPLS1R\lgradient.pro --> harp.antcrc.utas.edu.au /model/crc/mdsumner/programs/JHUAPLS1R lgradient.pro
101.11.08 09:43 B C:\Program Files\RSI\IDL52\lib\programs\JHUAPLS1R\imgarray.pro --> harp.antcrc.utas.edu.au /model/crc/mdsumner/programs/JHUAPLS1R imgarray.pro
101.11.08 09:43 B C:\Program Files\RSI\IDL52\lib\programs\JHUAPLS1R\array_list.pro --> harp.antcrc.utas.edu.au /model/crc/mdsumner/programs/JHUAPLS1R array_list.pro
101.11.08 09:43 B C:\Program Files\RSI\IDL52\lib\programs\JHUAPLS1R\crs_edit.pro --> harp.antcrc.utas.edu.au /model/crc/mdsumner/programs/JHUAPLS1R crs_edit.pro
101.11.08 09:43 B C:\Program Files\RSI\IDL52\lib\programs\JHUAPLS1R\sph_range_map.pro --> harp.antcrc.utas.edu.au /model/crc/mdsumner/programs/JHUAPLS1R sph_range_map.pro
101.11.08 09:43 B C:\Program Files\RSI\IDL52\lib\programs\JHUAPLS1R\endian.pro --> harp.antcrc.utas.edu.au /model/crc/mdsumner/programs/JHUAPLS1R endian.pro
101.11.08 09:43 B C:\Program Files\RSI\IDL52\lib\programs\JHUAPLS1R\zwindow.pro --> harp.antcrc.utas.edu.au /model/crc/mdsumner/programs/JHUAPLS1R zwindow.pro
101.11.08 09:43 B C:\Program Files\RSI\IDL52\lib\programs\JHUAPLS1R\map_test_scale.pro --> harp.antcrc.utas.edu.au /model/crc/mdsumner/programs/JHUAPLS1R map_test_scale.pro
101.11.08 09:43 B C:\Program Files\RSI\IDL52\lib\programs\JHUAPLS1R\eqv3.pro --> harp.antcrc.utas.edu.au /model/crc/mdsumner/programs/JHUAPLS1R eqv3.pro
101.11.08 09:43 B C:\Program Files\RSI\IDL52\lib\programs\JHUAPLS1R\eqv3_load_help.pro --> harp.antcrc.utas.edu.au /model/crc/mdsumner/programs/JHUAPLS1R eqv3_load_help.pro
101.11.08 09:43 B C:\Program Files\RSI\IDL52\lib\programs\JHUAPLS1R\cposprint.pro --> harp.antcrc.utas.edu.au /model/crc/mdsumner/programs/JHUAPLS1R cposprint.pro
101.11.08 09:43 B C:\Program Files\RSI\IDL52\lib\programs\JHUAPLS1R\js_incmonth.pro --> harp.antcrc.utas.edu.au /model/crc/mdsumner/programs/JHUAPLS1R js_incmonth.pro
101.11.08 09:43 B C:\Program Files\RSI\IDL52\lib\programs\JHUAPLS1R\sun_colors0_10.txt --> harp.antcrc.utas.edu.au /model/crc/mdsumner/programs/JHUAPLS1R sun_colors0_10.txt
101.11.08 09:43 B C:\Program Files\RSI\IDL52\lib\programs\JHUAPLS1R\sun_colors_10.txt --> harp.antcrc.utas.edu.au /model/crc/mdsumner/programs/JHUAPLS1R sun_colors_10.txt
101.11.08 09:43 B C:\Program Files\RSI\IDL52\lib\programs\JHUAPLS1R\size_img.pro --> harp.antcrc.utas.edu.au /model/crc/mdsumner/programs/JHUAPLS1R size_img.pro
101.11.08 09:43 B C:\Program Files\RSI\IDL52\lib\programs\JHUAPLS1R\gif2png.pro --> harp.antcrc.utas.edu.au /model/crc/mdsumner/programs/JHUAPLS1R gif2png.pro
101.11.08 09:43 B C:\Program Files\RSI\IDL52\lib\programs\JHUAPLS1R\color_wheel.pro --> harp.antcrc.utas.edu.au /model/crc/mdsumner/programs/JHUAPLS1R color_wheel.pro
101.11.08 09:43 B C:\Program Files\RSI\IDL52\lib\programs\JHUAPLS1R\hexdump.pro --> harp.antcrc.utas.edu.au /model/crc/mdsumner/programs/JHUAPLS1R hexdump.pro
101.11.08 09:43 B C:\Program Files\RSI\IDL52\lib\programs\JHUAPLS1R\exif_reader.pro --> harp.antcrc.utas.edu.au /model/crc/mdsumner/programs/JHUAPLS1R exif_reader.pro
101.11.08 09:43 B C:\Program Files\RSI\IDL52\lib\programs\JHUAPLS1R\xview.pro --> harp.antcrc.utas.edu.au /model/crc/mdsumner/programs/JHUAPLS1R xview.pro
101.11.08 09:43 B C:\Program Files\RSI\IDL52\lib\programs\JHUAPLS1R\img_rotate.pro --> harp.antcrc.utas.edu.au /model/crc/mdsumner/programs/JHUAPLS1R img_rotate.pro
101.11.08 09:43 B C:\Program Files\RSI\IDL52\lib\programs\JHUAPLS1R\img_resize.pro --> harp.antcrc.utas.edu.au /model/crc/mdsumner/programs/JHUAPLS1R img_resize.pro
101.11.08 09:43 B C:\Program Files\RSI\IDL52\lib\programs\JHUAPLS1R\img_smooth.pro --> harp.antcrc.utas.edu.au /model/crc/mdsumner/programs/JHUAPLS1R img_smooth.pro
101.11.08 09:43 B C:\Program Files\RSI\IDL52\lib\programs\JHUAPLS1R\img_stretch.pro --> harp.antcrc.utas.edu.au /model/crc/mdsumner/programs/JHUAPLS1R img_stretch.pro
101.11.08 09:43 B C:\Program Files\RSI\IDL52\lib\programs\JHUAPLS1R\img_hsv.pro --> harp.antcrc.utas.edu.au /model/crc/mdsumner/programs/JHUAPLS1R img_hsv.pro
101.11.08 09:43 B C:\Program Files\RSI\IDL52\lib\programs\JHUAPLS1R\xcursor.pro --> harp.antcrc.utas.edu.au /model/crc/mdsumner/programs/JHUAPLS1R xcursor.pro
101.11.08 09:43 B C:\Program Files\RSI\IDL52\lib\programs\JHUAPLS1R\crossi.pro --> harp.antcrc.utas.edu.au /model/crc/mdsumner/programs/JHUAPLS1R crossi.pro
101.11.08 09:43 B C:\Program Files\RSI\IDL52\lib\programs\JHUAPLS1R\getwrd.pro --> harp.antcrc.utas.edu.au /model/crc/mdsumner/programs/JHUAPLS1R getwrd.pro
101.11.08 09:43 B C:\Program Files\RSI\IDL52\lib\programs\JHUAPLS1R\cat.one --> harp.antcrc.utas.edu.au /model/crc/mdsumner/programs/JHUAPLS1R cat.one
101.11.08 09:43 B C:\Program Files\RSI\IDL52\lib\programs\JHUAPLS1R\alph.one --> harp.antcrc.utas.edu.au /model/crc/mdsumner/programs/JHUAPLS1R alph.one
101.11.08 09:43 B C:\Program Files\RSI\IDL52\lib\programs\JHUAPLS1R\release_notes.txt --> harp.antcrc.utas.edu.au /model/crc/mdsumner/programs/JHUAPLS1R release_notes.txt
101.11.08 09:43 B C:\Program Files\RSI\IDL52\lib\programs\JHUAPLS1R\newlist.txt --> harp.antcrc.utas.edu.au /model/crc/mdsumner/programs/JHUAPLS1R newlist.txt
101.11.08 09:43 B C:\Program Files\RSI\IDL52\lib\programs\JHUAPLS1R\textplot.pro --> harp.antcrc.utas.edu.au /model/crc/mdsumner/programs/JHUAPLS1R textplot.pro
101.11.08 09:43 B C:\Program Files\RSI\IDL52\lib\programs\JHUAPLS1R\sundisk.pro --> harp.antcrc.utas.edu.au /model/crc/mdsumner/programs/JHUAPLS1R sundisk.pro
101.11.08 09:43 B C:\Program Files\RSI\IDL52\lib\programs\JHUAPLS1R\img_radial.pro --> harp.antcrc.utas.edu.au /model/crc/mdsumner/programs/JHUAPLS1R img_radial.pro
