101.11.08 09:44 B C:\Program Files\RSI\IDL52\lib\programs\coyote\process.pro --> harp.antcrc.utas.edu.au /model/crc/mdsumner/coyote process.pro
101.11.08 09:44 B C:\Program Files\RSI\IDL52\lib\programs\coyote\centertlb.pro --> harp.antcrc.utas.edu.au /model/crc/mdsumner/coyote centertlb.pro
101.11.08 09:44 B C:\Program Files\RSI\IDL52\lib\programs\coyote\chgcolor.pro --> harp.antcrc.utas.edu.au /model/crc/mdsumner/coyote chgcolor.pro
101.11.08 09:44 B C:\Program Files\RSI\IDL52\lib\programs\coyote\cindex.pro --> harp.antcrc.utas.edu.au /model/crc/mdsumner/coyote cindex.pro
101.11.08 09:44 B C:\Program Files\RSI\IDL52\lib\programs\coyote\color24.pro --> harp.antcrc.utas.edu.au /model/crc/mdsumner/coyote color24.pro
101.11.08 09:44 B C:\Program Files\RSI\IDL52\lib\programs\coyote\colorbar.pro --> harp.antcrc.utas.edu.au /model/crc/mdsumner/coyote colorbar.pro
101.11.08 09:44 B C:\Program Files\RSI\IDL52\lib\programs\coyote\colorbar__define.pro --> harp.antcrc.utas.edu.au /model/crc/mdsumner/coyote colorbar__define.pro
101.11.08 09:44 B C:\Program Files\RSI\IDL52\lib\programs\coyote\error_message.pro --> harp.antcrc.utas.edu.au /model/crc/mdsumner/coyote error_message.pro
101.11.08 09:44 B C:\Program Files\RSI\IDL52\lib\programs\coyote\getcolor.pro --> harp.antcrc.utas.edu.au /model/crc/mdsumner/coyote getcolor.pro
101.11.08 09:44 B C:\Program Files\RSI\IDL52\lib\programs\coyote\getimage.pro --> harp.antcrc.utas.edu.au /model/crc/mdsumner/coyote getimage.pro
101.11.08 09:44 B C:\Program Files\RSI\IDL52\lib\programs\coyote\hcolorbar__define.pro --> harp.antcrc.utas.edu.au /model/crc/mdsumner/coyote hcolorbar__define.pro
101.11.08 09:44 B C:\Program Files\RSI\IDL52\lib\programs\coyote\hdfread.pro --> harp.antcrc.utas.edu.au /model/crc/mdsumner/coyote hdfread.pro
101.11.08 09:44 B C:\Program Files\RSI\IDL52\lib\programs\coyote\hdfwrite.pro --> harp.antcrc.utas.edu.au /model/crc/mdsumner/coyote hdfwrite.pro
101.11.08 09:44 B C:\Program Files\RSI\IDL52\lib\programs\coyote\image_blend.pro --> harp.antcrc.utas.edu.au /model/crc/mdsumner/coyote image_blend.pro
101.11.08 09:44 B C:\Program Files\RSI\IDL52\lib\programs\coyote\linkedlist__define.pro --> harp.antcrc.utas.edu.au /model/crc/mdsumner/coyote linkedlist__define.pro
101.11.08 09:44 B C:\Program Files\RSI\IDL52\lib\programs\coyote\loaddata.pro --> harp.antcrc.utas.edu.au /model/crc/mdsumner/coyote loaddata.pro
101.11.08 09:44 B C:\Program Files\RSI\IDL52\lib\programs\coyote\normalize.pro --> harp.antcrc.utas.edu.au /model/crc/mdsumner/coyote normalize.pro
101.11.08 09:44 B C:\Program Files\RSI\IDL52\lib\programs\coyote\object_shade_surf.pro --> harp.antcrc.utas.edu.au /model/crc/mdsumner/coyote object_shade_surf.pro
101.11.08 09:44 B C:\Program Files\RSI\IDL52\lib\programs\coyote\owindow.pro --> harp.antcrc.utas.edu.au /model/crc/mdsumner/coyote owindow.pro
101.11.08 09:44 B C:\Program Files\RSI\IDL52\lib\programs\coyote\parseline.pro --> harp.antcrc.utas.edu.au /model/crc/mdsumner/coyote parseline.pro
101.11.08 09:44 B C:\Program Files\RSI\IDL52\lib\programs\coyote\aspect.pro --> harp.antcrc.utas.edu.au /model/crc/mdsumner/coyote aspect.pro
101.11.08 09:44 B C:\Program Files\RSI\IDL52\lib\programs\coyote\program.documentation.html --> harp.antcrc.utas.edu.au /model/crc/mdsumner/coyote program.documentation.html
101.11.08 09:44 B C:\Program Files\RSI\IDL52\lib\programs\coyote\pswindow.pro --> harp.antcrc.utas.edu.au /model/crc/mdsumner/coyote pswindow.pro
101.11.08 09:44 B C:\Program Files\RSI\IDL52\lib\programs\coyote\scale_vector.pro --> harp.antcrc.utas.edu.au /model/crc/mdsumner/coyote scale_vector.pro
101.11.08 09:44 B C:\Program Files\RSI\IDL52\lib\programs\coyote\select_objects.pro --> harp.antcrc.utas.edu.au /model/crc/mdsumner/coyote select_objects.pro
101.11.08 09:44 B C:\Program Files\RSI\IDL52\lib\programs\coyote\str_size.pro --> harp.antcrc.utas.edu.au /model/crc/mdsumner/coyote str_size.pro
101.11.08 09:44 B C:\Program Files\RSI\IDL52\lib\programs\coyote\tvimage.pro --> harp.antcrc.utas.edu.au /model/crc/mdsumner/coyote tvimage.pro
101.11.08 09:44 B C:\Program Files\RSI\IDL52\lib\programs\coyote\undefine.pro --> harp.antcrc.utas.edu.au /model/crc/mdsumner/coyote undefine.pro
101.11.08 09:44 B C:\Program Files\RSI\IDL52\lib\programs\coyote\vcolorbar__define.pro --> harp.antcrc.utas.edu.au /model/crc/mdsumner/coyote vcolorbar__define.pro
101.11.08 09:44 B C:\Program Files\RSI\IDL52\lib\programs\coyote\xcd.pro --> harp.antcrc.utas.edu.au /model/crc/mdsumner/coyote xcd.pro
101.11.08 09:44 B C:\Program Files\RSI\IDL52\lib\programs\coyote\xcolors.pro --> harp.antcrc.utas.edu.au /model/crc/mdsumner/coyote xcolors.pro
101.11.08 09:44 B C:\Program Files\RSI\IDL52\lib\programs\coyote\xcontour.pro --> harp.antcrc.utas.edu.au /model/crc/mdsumner/coyote xcontour.pro
101.11.08 09:44 B C:\Program Files\RSI\IDL52\lib\programs\coyote\ximage.pro --> harp.antcrc.utas.edu.au /model/crc/mdsumner/coyote ximage.pro
101.11.08 09:44 B C:\Program Files\RSI\IDL52\lib\programs\coyote\xmovie.pro --> harp.antcrc.utas.edu.au /model/crc/mdsumner/coyote xmovie.pro
101.11.08 09:44 B C:\Program Files\RSI\IDL52\lib\programs\coyote\xplot.pro --> harp.antcrc.utas.edu.au /model/crc/mdsumner/coyote xplot.pro
101.11.08 09:44 B C:\Program Files\RSI\IDL52\lib\programs\coyote\xstretch.pro --> harp.antcrc.utas.edu.au /model/crc/mdsumner/coyote xstretch.pro
101.11.08 09:44 B C:\Program Files\RSI\IDL52\lib\programs\coyote\xsurface.pro --> harp.antcrc.utas.edu.au /model/crc/mdsumner/coyote xsurface.pro
101.11.08 09:44 B C:\Program Files\RSI\IDL52\lib\programs\coyote\zimage.pro --> harp.antcrc.utas.edu.au /model/crc/mdsumner/coyote zimage.pro
101.11.08 09:44 B C:\Program Files\RSI\IDL52\lib\programs\coyote\tvscale.pro --> harp.antcrc.utas.edu.au /model/crc/mdsumner/coyote tvscale.pro
101.11.08 09:44 B C:\Program Files\RSI\IDL52\lib\programs\coyote\readme --> harp.antcrc.utas.edu.au /model/crc/mdsumner/coyote readme
101.11.08 09:44 B C:\Program Files\RSI\IDL52\lib\programs\coyote\showprogress__define.pro --> harp.antcrc.utas.edu.au /model/crc/mdsumner/coyote showprogress__define.pro
101.11.08 09:44 B C:\Program Files\RSI\IDL52\lib\programs\coyote\pickcolor.pro --> harp.antcrc.utas.edu.au /model/crc/mdsumner/coyote pickcolor.pro
101.11.08 09:44 B C:\Program Files\RSI\IDL52\lib\programs\coyote\drawcolors__define.pro --> harp.antcrc.utas.edu.au /model/crc/mdsumner/coyote drawcolors__define.pro
101.11.08 09:44 B C:\Program Files\RSI\IDL52\lib\programs\coyote\coyote_field.pro --> harp.antcrc.utas.edu.au /model/crc/mdsumner/coyote coyote_field.pro
101.11.08 09:44 B C:\Program Files\RSI\IDL52\lib\programs\coyote\fsc_inputfield.pro --> harp.antcrc.utas.edu.au /model/crc/mdsumner/coyote fsc_inputfield.pro
101.11.08 09:44 B C:\Program Files\RSI\IDL52\lib\programs\coyote\fsc_droplist.pro --> harp.antcrc.utas.edu.au /model/crc/mdsumner/coyote fsc_droplist.pro
101.11.08 09:44 B C:\Program Files\RSI\IDL52\lib\programs\coyote\fsc_fileselect.pro --> harp.antcrc.utas.edu.au /model/crc/mdsumner/coyote fsc_fileselect.pro
101.11.08 09:44 B C:\Program Files\RSI\IDL52\lib\programs\coyote\fsc_plotwindow.pro --> harp.antcrc.utas.edu.au /model/crc/mdsumner/coyote fsc_plotwindow.pro
101.11.08 09:44 B C:\Program Files\RSI\IDL52\lib\programs\coyote\fsc_psconfig__define.pro --> harp.antcrc.utas.edu.au /model/crc/mdsumner/coyote fsc_psconfig__define.pro
101.11.08 09:44 B C:\Program Files\RSI\IDL52\lib\programs\coyote\psconfig.pro --> harp.antcrc.utas.edu.au /model/crc/mdsumner/coyote psconfig.pro
101.11.08 09:44 B C:\Program Files\RSI\IDL52\lib\programs\coyote\zplot.pro --> harp.antcrc.utas.edu.au /model/crc/mdsumner/coyote zplot.pro
101.11.08 09:44 B C:\Program Files\RSI\IDL52\lib\programs\coyote\zoombox.pro --> harp.antcrc.utas.edu.au /model/crc/mdsumner/coyote zoombox.pro
101.11.08 09:44 B C:\Program Files\RSI\IDL52\lib\programs\coyote\simple_surface.pro --> harp.antcrc.utas.edu.au /model/crc/mdsumner/coyote simple_surface.pro
101.11.08 09:44 B C:\Program Files\RSI\IDL52\lib\programs\coyote\fsc_surface.pro --> harp.antcrc.utas.edu.au /model/crc/mdsumner/coyote fsc_surface.pro
101.11.08 09:44 B C:\Program Files\RSI\IDL52\lib\programs\coyote\printwindow.pro --> harp.antcrc.utas.edu.au /model/crc/mdsumner/coyote printwindow.pro
101.11.08 09:44 B C:\Program Files\RSI\IDL52\lib\programs\coyote\tvread.pro --> harp.antcrc.utas.edu.au /model/crc/mdsumner/coyote tvread.pro
101.11.08 09:44 B C:\Program Files\RSI\IDL52\lib\programs\coyote\pickcolorname.pro --> harp.antcrc.utas.edu.au /model/crc/mdsumner/coyote pickcolorname.pro
101.11.08 09:44 B C:\Program Files\RSI\IDL52\lib\programs\coyote\fsc_window.pro --> harp.antcrc.utas.edu.au /model/crc/mdsumner/coyote fsc_window.pro
101.11.08 09:44 B C:\Program Files\RSI\IDL52\lib\programs\coyote\fsc_color.pro --> harp.antcrc.utas.edu.au /model/crc/mdsumner/coyote fsc_color.pro
101.11.08 09:44 B C:\Program Files\RSI\IDL52\lib\programs\coyote\fsc_field.pro --> harp.antcrc.utas.edu.au /model/crc/mdsumner/coyote fsc_field.pro
101.11.08 09:44 B C:\Program Files\RSI\IDL52\lib\programs\coyote\selectimage.pro --> harp.antcrc.utas.edu.au /model/crc/mdsumner/coyote selectimage.pro
101.11.08 09:44 B C:\Program Files\RSI\IDL52\lib\programs\coyote\doc.pro --> harp.antcrc.utas.edu.au /model/crc/mdsumner/coyote doc.pro
101.11.08 09:44 B C:\Program Files\RSI\IDL52\lib\programs\coyote\set_display.BAK --> harp.antcrc.utas.edu.au /model/crc/mdsumner/coyote set_display.BAK
101.11.08 09:44 B C:\Program Files\RSI\IDL52\lib\programs\coyote\pc28.pse --> harp.antcrc.utas.edu.au /model/crc/mdsumner/coyote pc28.pse
101.11.08 09:44 B C:\Program Files\RSI\IDL52\lib\programs\coyote\coltbl_load.pro --> harp.antcrc.utas.edu.au /model/crc/mdsumner/coyote coltbl_load.pro
